--- TIME ---
Sun Dec 21 13:43:23 CST 2025
--- SHOW FUNCTIONS LIKE 'hamming_distance' ---
ERROR 1105 (HY000) at line 1: errCode = 2, detailMessage = No database selected
--- grep fe.log for hamming_distance ---
1368:2025-12-21 00:21:52,629 INFO (mysql-nio-pool-2|355) [InternalCatalog.dropTable():855] begin to drop table: hits_hamming_distance from db: regression_test_query_p0_sql_functions, is force: false
1369:2025-12-21 00:21:52,631 INFO (mysql-nio-pool-2|355) [CatalogRecycleBin.recycleTable():185] recycle table[1766220400986-hits_hamming_distance], is force drop: false
1370:2025-12-21 00:21:52,631 INFO (mysql-nio-pool-2|355) [InternalCatalog.unprotectDropTable():1027] finished dropping table[hits_hamming_distance] in db[regression_test_query_p0_sql_functions] recycleTable cost: 0ms
1371:2025-12-21 00:21:52,640 INFO (mysql-nio-pool-2|355) [MTMVService.dropTable():109] dropTable, tableName: hits_hamming_distance
1372:2025-12-21 00:21:52,640 INFO (mysql-nio-pool-2|355) [InternalCatalog.dropTable():940] finished dropping table: hits_hamming_distance from db: regression_test_query_p0_sql_functions, is view: false, is force: false, cost: {1:dbWriteLock=0, 2:existCommittedTxns=0, 3:tableWriteLock=0, 4:unprotectDropTable=2, 5:getRecycleTimeById=2, 6:total=11}
1375:2025-12-21 00:21:52,705 INFO (mysql-nio-pool-2|355) [InternalCatalog.createPartitionWithIndices():2196] succeed in creating partition[1766247603533-hits_hamming_distance], table : [1766247603534-hits_hamming_distance]
1376:2025-12-21 00:21:52,727 INFO (mysql-nio-pool-2|355) [InternalCatalog.createOlapTable():3095] successfully create table[hits_hamming_distance;1766247603534] in db[regression_test_query_p0_sql_functions;1766220400652]
1384:2025-12-21 00:21:55,571 INFO (PUBLISH_VERSION_EXEC-12-0|363) [OlapTable.updateVisibleVersionAndTime():3259] updateVisibleVersionAndTime, tableName: hits_hamming_distance, visibleVersion, 2, visibleVersionTime: 1766247715565
1386:2025-12-21 00:21:55,571 INFO (PUBLISH_VERSION_EXEC-12-0|363) [MTMVService.processEvent():189] processEvent, Event: TableEvent{ctlId=0, ctlName='internal', dbId=1766220400652, dbName='regression_test_query_p0_sql_functions', tableId=1766247603534, tableName='hits_hamming_distance'} Event{eventId=1766247603557, eventTime=1766247715571, eventType=DATA_CHANGE}
1388:2025-12-21 00:21:55,577 INFO (mysql-nio-pool-2|355) [InternalCatalog.dropTable():855] begin to drop table: arg1_hamming_distance from db: regression_test_query_p0_sql_functions, is force: false
1389:2025-12-21 00:21:55,577 INFO (mysql-nio-pool-2|355) [CatalogRecycleBin.recycleTable():185] recycle table[1766220401011-arg1_hamming_distance], is force drop: false
1390:2025-12-21 00:21:55,577 INFO (mysql-nio-pool-2|355) [InternalCatalog.unprotectDropTable():1027] finished dropping table[arg1_hamming_distance] in db[regression_test_query_p0_sql_functions] recycleTable cost: 0ms
1391:2025-12-21 00:21:55,583 INFO (mysql-nio-pool-2|355) [MTMVService.dropTable():109] dropTable, tableName: arg1_hamming_distance
1392:2025-12-21 00:21:55,583 INFO (mysql-nio-pool-2|355) [InternalCatalog.dropTable():940] finished dropping table: arg1_hamming_distance from db: regression_test_query_p0_sql_functions, is view: false, is force: false, cost: {1:dbWriteLock=0, 2:existCommittedTxns=0, 3:tableWriteLock=0, 4:unprotectDropTable=0, 5:getRecycleTimeById=0, 6:total=6}
1395:2025-12-21 00:21:55,604 INFO (mysql-nio-pool-2|355) [InternalCatalog.createPartitionWithIndices():2196] succeed in creating partition[1766247603558-arg1_hamming_distance], table : [1766247603559-arg1_hamming_distance]
1397:2025-12-21 00:21:55,618 INFO (mysql-nio-pool-2|355) [InternalCatalog.createOlapTable():3095] successfully create table[arg1_hamming_distance;1766247603559] in db[regression_test_query_p0_sql_functions;1766220400652]
1542:2025-12-21 00:23:18,467 INFO (Automatic Analyzer|46) [StatisticsAutoCollector.readyToSample():193] Table hits_hamming_distance row count is not fully reported, skip auto analyzing it.
1543:2025-12-21 00:23:18,467 INFO (Automatic Analyzer|46) [StatisticsAutoCollector.readyToSample():193] Table arg1_hamming_distance row count is not fully reported, skip auto analyzing it.
1636:2025-12-21 00:24:23,449 INFO (Automatic Analyzer|46) [StatisticsAutoCollector.createAnalyzeJobForTbl():243] Auto analyze table hits_hamming_distance row count is 1
1663:2025-12-21 00:24:24,035 INFO (Auto Analysis Job Executor-0|375) [OlapAnalysisTask.doExecute():98] AnalysisTask Done Job id [1766247603582], Task id [1766247603583], catalog [internal], db [regression_test_query_p0_sql_functions], table [hits_hamming_distance], column [nothing]
1664:2025-12-21 00:24:24,036 INFO (Automatic Analyzer|46) [StatisticsAutoCollector.readyToSample():199] Table arg1_hamming_distance is empty, remove its old stats and skip auto analyze it.
1774:2025-12-21 00:25:29,336 INFO (Automatic Analyzer|46) [StatisticsAutoCollector.readyToSample():199] Table arg1_hamming_distance is empty, remove its old stats and skip auto analyze it.
1897:2025-12-21 00:26:31,589 INFO (Automatic Analyzer|46) [StatisticsAutoCollector.readyToSample():199] Table arg1_hamming_distance is empty, remove its old stats and skip auto analyze it.
1990:2025-12-21 00:27:36,495 INFO (Automatic Analyzer|46) [StatisticsAutoCollector.readyToSample():199] Table arg1_hamming_distance is empty, remove its old stats and skip auto analyze it.
2086:2025-12-21 00:28:41,463 INFO (Automatic Analyzer|46) [StatisticsAutoCollector.readyToSample():199] Table arg1_hamming_distance is empty, remove its old stats and skip auto analyze it.
2216:RuntimeLogger 2025-12-21 10:51:58,983 INFO (stateListener|98) [EditLog.loadJournal():381] Begin to unprotect drop table: internal.1766220400652.hits_hamming_distance
2217:RuntimeLogger 2025-12-21 10:51:58,989 INFO (stateListener|98) [CatalogRecycleBin.recycleTable():185] recycle table[1766220400986-hits_hamming_distance], is force drop: false
2218:RuntimeLogger 2025-12-21 10:51:58,990 INFO (stateListener|98) [InternalCatalog.unprotectDropTable():1027] finished dropping table[hits_hamming_distance] in db[regression_test_query_p0_sql_functions] recycleTable cost: 0ms
2219:RuntimeLogger 2025-12-21 10:51:58,994 INFO (stateListener|98) [EditLog.loadJournal():363] Begin to unprotect create table. internal.regression_test_query_p0_sql_functions.hits_hamming_distance
2221:RuntimeLogger 2025-12-21 10:51:58,999 INFO (stateListener|98) [OlapTable.updateVisibleVersionAndTime():3259] updateVisibleVersionAndTime, tableName: hits_hamming_distance, visibleVersion, 2, visibleVersionTime: 1766247715565
2224:RuntimeLogger 2025-12-21 10:51:59,000 INFO (stateListener|98) [EditLog.loadJournal():381] Begin to unprotect drop table: internal.1766220400652.arg1_hamming_distance
2225:RuntimeLogger 2025-12-21 10:51:59,001 INFO (stateListener|98) [CatalogRecycleBin.recycleTable():185] recycle table[1766220401011-arg1_hamming_distance], is force drop: false
2226:RuntimeLogger 2025-12-21 10:51:59,001 INFO (stateListener|98) [InternalCatalog.unprotectDropTable():1027] finished dropping table[arg1_hamming_distance] in db[regression_test_query_p0_sql_functions] recycleTable cost: 0ms
2227:RuntimeLogger 2025-12-21 10:51:59,004 INFO (stateListener|98) [EditLog.loadJournal():363] Begin to unprotect create table. internal.regression_test_query_p0_sql_functions.arg1_hamming_distance
2862:2025-12-21 10:52:58,359 INFO (stateListener|98) [EditLog.loadJournal():381] Begin to unprotect drop table: internal.1766220400652.hits_hamming_distance
2863:2025-12-21 10:52:58,364 INFO (stateListener|98) [CatalogRecycleBin.recycleTable():185] recycle table[1766220400986-hits_hamming_distance], is force drop: false
2864:2025-12-21 10:52:58,364 INFO (stateListener|98) [InternalCatalog.unprotectDropTable():1027] finished dropping table[hits_hamming_distance] in db[regression_test_query_p0_sql_functions] recycleTable cost: 0ms
2865:2025-12-21 10:52:58,368 INFO (stateListener|98) [EditLog.loadJournal():363] Begin to unprotect create table. internal.regression_test_query_p0_sql_functions.hits_hamming_distance
2867:2025-12-21 10:52:58,374 INFO (stateListener|98) [OlapTable.updateVisibleVersionAndTime():3259] updateVisibleVersionAndTime, tableName: hits_hamming_distance, visibleVersion, 2, visibleVersionTime: 1766247715565
2870:2025-12-21 10:52:58,375 INFO (stateListener|98) [EditLog.loadJournal():381] Begin to unprotect drop table: internal.1766220400652.arg1_hamming_distance
2871:2025-12-21 10:52:58,375 INFO (stateListener|98) [CatalogRecycleBin.recycleTable():185] recycle table[1766220401011-arg1_hamming_distance], is force drop: false
2872:2025-12-21 10:52:58,375 INFO (stateListener|98) [InternalCatalog.unprotectDropTable():1027] finished dropping table[arg1_hamming_distance] in db[regression_test_query_p0_sql_functions] recycleTable cost: 0ms
2873:2025-12-21 10:52:58,378 INFO (stateListener|98) [EditLog.loadJournal():363] Begin to unprotect create table. internal.regression_test_query_p0_sql_functions.arg1_hamming_distance
3742:2025-12-21 10:54:03,986 INFO (leaderCheckpointer|101) [EditLog.loadJournal():381] Begin to unprotect drop table: internal.1766220400652.hits_hamming_distance
3769:2025-12-21 10:54:03,986 INFO (leaderCheckpointer|101) [CatalogRecycleBin.recycleTable():185] recycle table[1766220400986-hits_hamming_distance], is force drop: false
3770:2025-12-21 10:54:03,986 INFO (leaderCheckpointer|101) [InternalCatalog.unprotectDropTable():1027] finished dropping table[hits_hamming_distance] in db[regression_test_query_p0_sql_functions] recycleTable cost: 0ms
3800:2025-12-21 10:54:03,988 INFO (leaderCheckpointer|101) [EditLog.loadJournal():363] Begin to unprotect create table. internal.regression_test_query_p0_sql_functions.hits_hamming_distance
3802:2025-12-21 10:54:03,990 INFO (leaderCheckpointer|101) [OlapTable.updateVisibleVersionAndTime():3259] updateVisibleVersionAndTime, tableName: hits_hamming_distance, visibleVersion, 2, visibleVersionTime: 1766247715565
3805:2025-12-21 10:54:03,991 INFO (leaderCheckpointer|101) [EditLog.loadJournal():381] Begin to unprotect drop table: internal.1766220400652.arg1_hamming_distance
3806:2025-12-21 10:54:03,991 INFO (leaderCheckpointer|101) [CatalogRecycleBin.recycleTable():185] recycle table[1766220401011-arg1_hamming_distance], is force drop: false
3807:2025-12-21 10:54:03,991 INFO (leaderCheckpointer|101) [InternalCatalog.unprotectDropTable():1027] finished dropping table[arg1_hamming_distance] in db[regression_test_query_p0_sql_functions] recycleTable cost: 0ms
3808:2025-12-21 10:54:03,992 INFO (leaderCheckpointer|101) [EditLog.loadJournal():363] Begin to unprotect create table. internal.regression_test_query_p0_sql_functions.arg1_hamming_distance
6142:2025-12-21 10:58:53,205 INFO (mysql-nio-pool-2|323) [InternalCatalog.dropTable():855] begin to drop table: hits_hamming_distance from db: regression_test_query_p0_sql_functions, is force: false
6143:2025-12-21 10:58:53,205 INFO (mysql-nio-pool-2|323) [CatalogRecycleBin.recycleTable():185] recycle table[1766247603534-hits_hamming_distance], is force drop: false
6144:2025-12-21 10:58:53,205 INFO (mysql-nio-pool-2|323) [InternalCatalog.unprotectDropTable():1027] finished dropping table[hits_hamming_distance] in db[regression_test_query_p0_sql_functions] recycleTable cost: 0ms
6145:2025-12-21 10:58:53,213 INFO (mysql-nio-pool-2|323) [MTMVService.dropTable():109] dropTable, tableName: hits_hamming_distance
6146:2025-12-21 10:58:53,213 INFO (mysql-nio-pool-2|323) [InternalCatalog.dropTable():940] finished dropping table: hits_hamming_distance from db: regression_test_query_p0_sql_functions, is view: false, is force: false, cost: {1:dbWriteLock=0, 2:existCommittedTxns=0, 3:tableWriteLock=0, 4:unprotectDropTable=0, 5:getRecycleTimeById=0, 6:total=8}
6208:2025-12-21 10:58:56,274 INFO (recycle bin|67) [CatalogRecycleBin.eraseTableWithSameName():457] erase table[1766220400868] name: hits_hamming_distance from db[1766220400652]
11958:2025-12-21 11:11:28,995 INFO (mysql-nio-pool-6|358) [InternalCatalog.dropTable():855] begin to drop table: hits_hamming_distance from db: regression_test_query_p0_sql_functions, is force: false
11959:2025-12-21 11:11:28,995 INFO (mysql-nio-pool-6|358) [InternalCatalog.dropTable():870] drop table[hits_hamming_distance] which does not exist
17041:2025-12-21 11:22:24,639 INFO (mysql-nio-pool-10|364) [InternalCatalog.dropTable():855] begin to drop table: hits_hamming_distance from db: regression_test_query_p0_sql_functions, is force: false
17042:2025-12-21 11:22:24,639 INFO (mysql-nio-pool-10|364) [InternalCatalog.dropTable():870] drop table[hits_hamming_distance] which does not exist
22407:2025-12-21 11:32:55,101 INFO (mysql-nio-pool-13|369) [InternalCatalog.dropTable():855] begin to drop table: hits_hamming_distance from db: regression_test_query_p0_sql_functions, is force: false
22408:2025-12-21 11:32:55,102 INFO (mysql-nio-pool-13|369) [InternalCatalog.dropTable():870] drop table[hits_hamming_distance] which does not exist
31544:2025-12-21 11:45:14,072 INFO (Automatic Analyzer|46) [StatisticsAutoCollector.readyToSample():199] Table arg1_hamming_distance is empty, remove its old stats and skip auto analyze it.
40753:2025-12-21 11:47:01,798 INFO (mysql-nio-pool-17|396) [InternalCatalog.dropTable():855] begin to drop table: hits_hamming_distance from db: regression_test_query_p0_sql_functions, is force: false
40754:2025-12-21 11:47:01,798 INFO (mysql-nio-pool-17|396) [InternalCatalog.dropTable():870] drop table[hits_hamming_distance] which does not exist
43946:2025-12-21 11:47:34,692 WARN (mysql-nio-pool-17|396) [InternalCatalog.createPartitionWithIndices():2184] Failed to create partition[hits_hamming_distance].Timeout:30 seconds. Unfinished: (backendId = 1766285578511, tabletId = 1766285578554), (backendId = 1766285578511, tabletId = 1766285578562), (backendId = 1766285578511, tabletId = 1766285578550)
43947:2025-12-21 11:47:34,692 WARN (mysql-nio-pool-17|396) [InternalCatalog.createOlapTable():3111] create table failed [1766285578552, 1766285578568, 1766285578554, 1766285578556, 1766285578558, 1766285578560, 1766285578562, 1766285578564, 1766285578550, 1766285578566] - errCode = 2, detailMessage = Failed to create partition[hits_hamming_distance].Timeout:30 seconds. Unfinished: (backendId = 1766285578511, tabletId = 1766285578554), (backendId = 1766285578511, tabletId = 1766285578562), (backendId = 1766285578511, tabletId = 1766285578550)
43972:org.apache.doris.common.NereidsException: errCode = 2, detailMessage = Failed to create partition[hits_hamming_distance].Timeout:30 seconds. Unfinished: (backendId = 1766285578511, tabletId = 1766285578554), (backendId = 1766285578511, tabletId = 1766285578562), (backendId = 1766285578511, tabletId = 1766285578550)
43986:Caused by: org.apache.doris.common.AnalysisException: errCode = 2, detailMessage = Failed to create partition[hits_hamming_distance].Timeout:30 seconds. Unfinished: (backendId = 1766285578511, tabletId = 1766285578554), (backendId = 1766285578511, tabletId = 1766285578562), (backendId = 1766285578511, tabletId = 1766285578550)
43988:Caused by: org.apache.doris.common.DdlException: errCode = 2, detailMessage = Failed to create partition[hits_hamming_distance].Timeout:30 seconds. Unfinished: (backendId = 1766285578511, tabletId = 1766285578554), (backendId = 1766285578511, tabletId = 1766285578562), (backendId = 1766285578511, tabletId = 1766285578550)
83521:2025-12-21 11:54:21,889 WARN (mysql-nio-pool-19|409) [InternalCatalog.createPartitionWithIndices():2184] Failed to create partition[hits_hamming_distance].Timeout:30 seconds. Unfinished: (backendId = 1766220400802, tabletId = 1766285578585), (backendId = 1766220400802, tabletId = 1766285578593), (backendId = 1766220400802, tabletId = 1766285578581)
83522:2025-12-21 11:54:21,889 WARN (mysql-nio-pool-19|409) [InternalCatalog.createOlapTable():3111] create table failed [1766285578585, 1766285578587, 1766285578589, 1766285578591, 1766285578593, 1766285578579, 1766285578595, 1766285578581, 1766285578597, 1766285578583] - errCode = 2, detailMessage = Failed to create partition[hits_hamming_distance].Timeout:30 seconds. Unfinished: (backendId = 1766220400802, tabletId = 1766285578585), (backendId = 1766220400802, tabletId = 1766285578593), (backendId = 1766220400802, tabletId = 1766285578581)
83547:org.apache.doris.common.NereidsException: errCode = 2, detailMessage = Failed to create partition[hits_hamming_distance].Timeout:30 seconds. Unfinished: (backendId = 1766220400802, tabletId = 1766285578585), (backendId = 1766220400802, tabletId = 1766285578593), (backendId = 1766220400802, tabletId = 1766285578581)
83561:Caused by: org.apache.doris.common.AnalysisException: errCode = 2, detailMessage = Failed to create partition[hits_hamming_distance].Timeout:30 seconds. Unfinished: (backendId = 1766220400802, tabletId = 1766285578585), (backendId = 1766220400802, tabletId = 1766285578593), (backendId = 1766220400802, tabletId = 1766285578581)
83563:Caused by: org.apache.doris.common.DdlException: errCode = 2, detailMessage = Failed to create partition[hits_hamming_distance].Timeout:30 seconds. Unfinished: (backendId = 1766220400802, tabletId = 1766285578585), (backendId = 1766220400802, tabletId = 1766285578593), (backendId = 1766220400802, tabletId = 1766285578581)
91298:2025-12-21 11:55:41,725 WARN (mysql-nio-pool-19|409) [InternalCatalog.createPartitionWithIndices():2184] Failed to create partition[hits_hamming_distance].Timeout:30 seconds. Unfinished: (backendId = 1766285578511, tabletId = 1766285578617), (backendId = 1766285578511, tabletId = 1766285578603), (backendId = 1766285578511, tabletId = 1766285578619)
91299:2025-12-21 11:55:41,725 WARN (mysql-nio-pool-19|409) [InternalCatalog.createOlapTable():3111] create table failed [1766285578617, 1766285578603, 1766285578619, 1766285578605, 1766285578621, 1766285578607, 1766285578609, 1766285578611, 1766285578613, 1766285578615] - errCode = 2, detailMessage = Failed to create partition[hits_hamming_distance].Timeout:30 seconds. Unfinished: (backendId = 1766285578511, tabletId = 1766285578617), (backendId = 1766285578511, tabletId = 1766285578603), (backendId = 1766285578511, tabletId = 1766285578619)
91324:org.apache.doris.common.NereidsException: errCode = 2, detailMessage = Failed to create partition[hits_hamming_distance].Timeout:30 seconds. Unfinished: (backendId = 1766285578511, tabletId = 1766285578617), (backendId = 1766285578511, tabletId = 1766285578603), (backendId = 1766285578511, tabletId = 1766285578619)
91338:Caused by: org.apache.doris.common.AnalysisException: errCode = 2, detailMessage = Failed to create partition[hits_hamming_distance].Timeout:30 seconds. Unfinished: (backendId = 1766285578511, tabletId = 1766285578617), (backendId = 1766285578511, tabletId = 1766285578603), (backendId = 1766285578511, tabletId = 1766285578619)
91340:Caused by: org.apache.doris.common.DdlException: errCode = 2, detailMessage = Failed to create partition[hits_hamming_distance].Timeout:30 seconds. Unfinished: (backendId = 1766285578511, tabletId = 1766285578617), (backendId = 1766285578511, tabletId = 1766285578603), (backendId = 1766285578511, tabletId = 1766285578619)
94927:2025-12-21 11:56:16,990 INFO (mysql-nio-pool-19|409) [InternalCatalog.createPartitionWithIndices():2196] succeed in creating partition[1766285578624-hits_hamming_distance], table : [1766285578625-hits_hamming_distance]
94930:2025-12-21 11:56:17,005 INFO (mysql-nio-pool-19|409) [InternalCatalog.createOlapTable():3095] successfully create table[hits_hamming_distance;1766285578625] in db[regression_test_manual3;1766285578623]
106283:2025-12-21 11:58:21,930 INFO (mysql-nio-pool-20|419) [InternalCatalog.dropTable():855] begin to drop table: hits_hamming_distance from db: regression_test_query_p0_sql_functions, is force: false
106284:2025-12-21 11:58:21,930 INFO (mysql-nio-pool-20|419) [InternalCatalog.dropTable():870] drop table[hits_hamming_distance] which does not exist
106289:2025-12-21 11:58:21,948 INFO (mysql-nio-pool-20|419) [InternalCatalog.createPartitionWithIndices():2196] succeed in creating partition[1766285578649-hits_hamming_distance], table : [1766285578650-hits_hamming_distance]
106292:2025-12-21 11:58:21,968 INFO (mysql-nio-pool-20|419) [InternalCatalog.createOlapTable():3095] successfully create table[hits_hamming_distance;1766285578650] in db[regression_test_query_p0_sql_functions;1766220400652]
106322:2025-12-21 11:58:22,209 INFO (PUBLISH_VERSION_EXEC-12-0|422) [OlapTable.updateVisibleVersionAndTime():3259] updateVisibleVersionAndTime, tableName: hits_hamming_distance, visibleVersion, 2, visibleVersionTime: 1766289502203
106324:2025-12-21 11:58:22,210 INFO (PUBLISH_VERSION_EXEC-12-0|422) [MTMVService.processEvent():189] processEvent, Event: TableEvent{ctlId=0, ctlName='internal', dbId=1766220400652, dbName='regression_test_query_p0_sql_functions', tableId=1766285578650, tableName='hits_hamming_distance'} Event{eventId=1766285578673, eventTime=1766289502210, eventType=DATA_CHANGE}
106327:2025-12-21 11:58:22,216 INFO (mysql-nio-pool-20|419) [InternalCatalog.dropTable():855] begin to drop table: arg1_hamming_distance from db: regression_test_query_p0_sql_functions, is force: false
106328:2025-12-21 11:58:22,216 INFO (mysql-nio-pool-20|419) [CatalogRecycleBin.recycleTable():185] recycle table[1766247603559-arg1_hamming_distance], is force drop: false
106329:2025-12-21 11:58:22,216 INFO (mysql-nio-pool-20|419) [InternalCatalog.unprotectDropTable():1027] finished dropping table[arg1_hamming_distance] in db[regression_test_query_p0_sql_functions] recycleTable cost: 0ms
106330:2025-12-21 11:58:22,222 INFO (mysql-nio-pool-20|419) [MTMVService.dropTable():109] dropTable, tableName: arg1_hamming_distance
106331:2025-12-21 11:58:22,222 INFO (mysql-nio-pool-20|419) [InternalCatalog.dropTable():940] finished dropping table: arg1_hamming_distance from db: regression_test_query_p0_sql_functions, is view: false, is force: false, cost: {1:dbWriteLock=0, 2:existCommittedTxns=0, 3:tableWriteLock=0, 4:unprotectDropTable=0, 5:getRecycleTimeById=0, 6:total=6}
106336:2025-12-21 11:58:22,244 INFO (mysql-nio-pool-20|419) [InternalCatalog.createPartitionWithIndices():2196] succeed in creating partition[1766285578674-arg1_hamming_distance], table : [1766285578675-arg1_hamming_distance]
106338:2025-12-21 11:58:22,253 INFO (mysql-nio-pool-20|419) [InternalCatalog.createOlapTable():3095] successfully create table[arg1_hamming_distance;1766285578675] in db[regression_test_query_p0_sql_functions;1766220400652]
108923:2025-12-21 11:58:47,562 INFO (recycle bin|67) [CatalogRecycleBin.eraseTableWithSameName():457] erase table[1766220400893] name: arg1_hamming_distance from db[1766220400652]
161899:2025-12-21 12:08:17,903 INFO (mysql-nio-pool-24|435) [InternalCatalog.dropTable():855] begin to drop table: hits_hamming_distance from db: regression_test_query_p0_sql_functions, is force: false
161900:2025-12-21 12:08:17,903 INFO (mysql-nio-pool-24|435) [CatalogRecycleBin.recycleTable():185] recycle table[1766285578650-hits_hamming_distance], is force drop: false
161901:2025-12-21 12:08:17,903 INFO (mysql-nio-pool-24|435) [InternalCatalog.unprotectDropTable():1027] finished dropping table[hits_hamming_distance] in db[regression_test_query_p0_sql_functions] recycleTable cost: 0ms
161903:2025-12-21 12:08:17,910 INFO (mysql-nio-pool-24|435) [MTMVService.dropTable():109] dropTable, tableName: hits_hamming_distance
161904:2025-12-21 12:08:17,910 INFO (mysql-nio-pool-24|435) [InternalCatalog.dropTable():940] finished dropping table: hits_hamming_distance from db: regression_test_query_p0_sql_functions, is view: false, is force: false, cost: {1:dbWriteLock=0, 2:existCommittedTxns=0, 3:tableWriteLock=0, 4:unprotectDropTable=0, 5:getRecycleTimeById=0, 6:total=7}
161909:2025-12-21 12:08:17,932 INFO (mysql-nio-pool-24|435) [InternalCatalog.createPartitionWithIndices():2196] succeed in creating partition[1766285578704-hits_hamming_distance], table : [1766285578705-hits_hamming_distance]
161911:2025-12-21 12:08:17,941 INFO (mysql-nio-pool-24|435) [InternalCatalog.createOlapTable():3095] successfully create table[hits_hamming_distance;1766285578705] in db[regression_test_query_p0_sql_functions;1766220400652]
163650:2025-12-21 12:08:38,436 INFO (recycle bin|67) [CatalogRecycleBin.eraseTableWithSameName():457] erase table[1766220400927] name: hits_hamming_distance from db[1766220400652]
390688:2025-12-21 12:49:28,497 INFO (mysql-nio-pool-32|462) [InternalCatalog.dropTable():855] begin to drop table: hits_hamming_distance from db: regression_test_query_p0_sql_functions, is force: false
390689:2025-12-21 12:49:28,498 INFO (mysql-nio-pool-32|462) [CatalogRecycleBin.recycleTable():185] recycle table[1766285578705-hits_hamming_distance], is force drop: false
390690:2025-12-21 12:49:28,498 INFO (mysql-nio-pool-32|462) [InternalCatalog.unprotectDropTable():1027] finished dropping table[hits_hamming_distance] in db[regression_test_query_p0_sql_functions] recycleTable cost: 0ms
390692:2025-12-21 12:49:28,507 INFO (mysql-nio-pool-32|462) [MTMVService.dropTable():109] dropTable, tableName: hits_hamming_distance
390693:2025-12-21 12:49:28,508 INFO (mysql-nio-pool-32|462) [InternalCatalog.dropTable():940] finished dropping table: hits_hamming_distance from db: regression_test_query_p0_sql_functions, is view: false, is force: false, cost: {1:dbWriteLock=0, 2:existCommittedTxns=0, 3:tableWriteLock=0, 4:unprotectDropTable=1, 5:getRecycleTimeById=1, 6:total=11}
393095:2025-12-21 12:49:54,133 INFO (recycle bin|67) [CatalogRecycleBin.eraseTableWithSameName():457] erase table[1766220400986] name: hits_hamming_distance from db[1766220400652]
393767:2025-12-21 12:50:00,854 WARN (mysql-nio-pool-32|462) [InternalCatalog.createPartitionWithIndices():2184] Failed to create partition[hits_hamming_distance].Timeout:30 seconds. Unfinished: (backendId = 1766285578511, tabletId = 1766285578744), (backendId = 1766285578511, tabletId = 1766285578746), (backendId = 1766285578511, tabletId = 1766285578748)
393768:2025-12-21 12:50:00,855 WARN (mysql-nio-pool-32|462) [InternalCatalog.createOlapTable():3111] create table failed [1766285578744, 1766285578746, 1766285578748, 1766285578750, 1766285578752, 1766285578738, 1766285578754, 1766285578740, 1766285578756, 1766285578742] - errCode = 2, detailMessage = Failed to create partition[hits_hamming_distance].Timeout:30 seconds. Unfinished: (backendId = 1766285578511, tabletId = 1766285578744), (backendId = 1766285578511, tabletId = 1766285578746), (backendId = 1766285578511, tabletId = 1766285578748)
393793:org.apache.doris.common.NereidsException: errCode = 2, detailMessage = Failed to create partition[hits_hamming_distance].Timeout:30 seconds. Unfinished: (backendId = 1766285578511, tabletId = 1766285578744), (backendId = 1766285578511, tabletId = 1766285578746), (backendId = 1766285578511, tabletId = 1766285578748)
393807:Caused by: org.apache.doris.common.AnalysisException: errCode = 2, detailMessage = Failed to create partition[hits_hamming_distance].Timeout:30 seconds. Unfinished: (backendId = 1766285578511, tabletId = 1766285578744), (backendId = 1766285578511, tabletId = 1766285578746), (backendId = 1766285578511, tabletId = 1766285578748)
393809:Caused by: org.apache.doris.common.DdlException: errCode = 2, detailMessage = Failed to create partition[hits_hamming_distance].Timeout:30 seconds. Unfinished: (backendId = 1766285578511, tabletId = 1766285578744), (backendId = 1766285578511, tabletId = 1766285578746), (backendId = 1766285578511, tabletId = 1766285578748)
469764:2025-12-21 13:03:24,646 INFO (mysql-nio-pool-36|493) [InternalCatalog.dropTable():855] begin to drop table: hits_hamming_distance from db: regression_test_query_p0_sql_functions, is force: false
469765:2025-12-21 13:03:24,646 INFO (mysql-nio-pool-36|493) [InternalCatalog.dropTable():870] drop table[hits_hamming_distance] which does not exist
469773:2025-12-21 13:03:24,690 INFO (mysql-nio-pool-36|493) [InternalCatalog.createPartitionWithIndices():2196] succeed in creating partition[1766285578760-hits_hamming_distance], table : [1766285578761-hits_hamming_distance]
469775:2025-12-21 13:03:24,702 INFO (mysql-nio-pool-36|493) [InternalCatalog.createOlapTable():3095] successfully create table[hits_hamming_distance;1766285578761] in db[regression_test_query_p0_sql_functions;1766220400652]
689086:2025-12-21 13:42:23,879 INFO (mysql-nio-pool-43|517) [InternalCatalog.dropTable():855] begin to drop table: arg1_hamming_distance from db: tmp_reg, is force: false
689087:2025-12-21 13:42:23,880 INFO (mysql-nio-pool-43|517) [InternalCatalog.dropTable():870] drop table[arg1_hamming_distance] which does not exist
689093:2025-12-21 13:42:23,912 INFO (mysql-nio-pool-43|517) [InternalCatalog.createPartitionWithIndices():2196] succeed in creating partition[1766285578785-arg1_hamming_distance], table : [1766285578786-arg1_hamming_distance]
689095:2025-12-21 13:42:23,923 INFO (mysql-nio-pool-43|517) [InternalCatalog.createOlapTable():3095] successfully create table[arg1_hamming_distance;1766285578786] in db[tmp_reg;1766285578784]
692106:SELECT hamming_distance('abc','axc') AS hd
692107:org.apache.doris.nereids.exceptions.AnalysisException: Can not found function 'hamming_distance'
692151:org.apache.doris.common.NereidsException: errCode = 2, detailMessage = Can not found function 'hamming_distance'
--- grep be log for hamming_distance ---
