--- TIME ---
Sun Dec 21 11:44:58 CST 2025
--- ss -tnlp ---
LISTEN 0      4096               0.0.0.0:8040       0.0.0.0:*    users:(("doris_be",pid=17442,fd=738))
LISTEN 0      4096               0.0.0.0:8060       0.0.0.0:*    users:(("doris_be",pid=17442,fd=214))
LISTEN 0      1024               0.0.0.0:9060       0.0.0.0:*    users:(("doris_be",pid=17442,fd=222))
LISTEN 0      1024               0.0.0.0:9050       0.0.0.0:*    users:(("doris_be",pid=17442,fd=743))
LISTEN 0      50                       *:8030             *:*    users:(("java",pid=5736,fd=661))     
LISTEN 0      1024                     *:9030             *:*    users:(("java",pid=5736,fd=681))     
--- ps aux | grep doris_be ---
zhisheng   17442 50.6  5.7 19622484 916472 ?     Sl   11:44   0:09 /home/zhisheng/doris/lib/doris_be
zhisheng   19278  0.0  0.0   4096  2048 ?        S    11:44   0:00 grep -E doris_be
--- tail be.out ---
INFO: java_cmd /usr/lib/jvm/java-17-openjdk-amd64/bin/java
INFO: jdk_version 17
StdoutLogger 2025-12-17 15:29:57,384 Start time: Wed Dec 17 15:29:57 CST 2025
INFO: java_cmd /usr/lib/jvm/java-17-openjdk-amd64/bin/java
INFO: jdk_version 17
INFO: java_cmd /usr/lib/jvm/java-17-openjdk-amd64/bin/java
INFO: jdk_version 17
StdoutLogger 2025-12-20 16:38:12,996 Start time: Sat Dec 20 16:38:12 CST 2025
INFO: java_cmd /usr/lib/jvm/java-17-openjdk-amd64/bin/java
INFO: jdk_version 17
INFO: java_cmd /usr/lib/jvm/java-17-openjdk-amd64/bin/java
INFO: jdk_version 17
StdoutLogger 2025-12-20 16:38:47,695 Start time: Sat Dec 20 16:38:47 CST 2025
INFO: java_cmd /usr/lib/jvm/java-17-openjdk-amd64/bin/java
INFO: jdk_version 17
INFO: java_cmd /usr/lib/jvm/java-17-openjdk-amd64/bin/java
INFO: jdk_version 17
StdoutLogger 2025-12-20 16:45:23,316 Start time: Sat Dec 20 16:45:23 CST 2025
INFO: java_cmd /usr/lib/jvm/java-17-openjdk-amd64/bin/java
INFO: jdk_version 17
OpenJDK 64-Bit Server VM warning: Option CriticalJNINatives was deprecated in version 16.0 and will likely be removed in a future release.
SLF4J(W): Class path contains multiple SLF4J providers.
SLF4J(W): Found provider [org.apache.logging.slf4j.SLF4JServiceProvider@64c64813]
SLF4J(W): Found provider [org.slf4j.reload4j.Reload4jServiceProvider@3ecf72fd]
SLF4J(W): See https://www.slf4j.org/codes.html#multiple_bindings for an explanation.
SLF4J(I): Actual provider is of type [org.apache.logging.slf4j.SLF4JServiceProvider@64c64813]
start BE in local mode
INFO: java_cmd /usr/lib/jvm/java-17-openjdk-amd64/bin/java
INFO: jdk_version 17
StdoutLogger 2025-12-20 18:30:42,492 Start time: Sat Dec 20 18:30:42 CST 2025
INFO: java_cmd /usr/lib/jvm/java-17-openjdk-amd64/bin/java
INFO: jdk_version 17
OpenJDK 64-Bit Server VM warning: Option CriticalJNINatives was deprecated in version 16.0 and will likely be removed in a future release.
SLF4J(W): Class path contains multiple SLF4J providers.
SLF4J(W): Found provider [org.apache.logging.slf4j.SLF4JServiceProvider@64c64813]
SLF4J(W): Found provider [org.slf4j.reload4j.Reload4jServiceProvider@3ecf72fd]
SLF4J(W): See https://www.slf4j.org/codes.html#multiple_bindings for an explanation.
SLF4J(I): Actual provider is of type [org.apache.logging.slf4j.SLF4JServiceProvider@64c64813]
start BE in local mode
INFO: java_cmd /usr/lib/jvm/java-17-openjdk-amd64/bin/java
INFO: jdk_version 17
StdoutLogger 2025-12-20 23:03:19,855 Start time: Sat Dec 20 23:03:19 CST 2025
INFO: java_cmd /usr/lib/jvm/java-17-openjdk-amd64/bin/java
INFO: jdk_version 17
OpenJDK 64-Bit Server VM warning: Option CriticalJNINatives was deprecated in version 16.0 and will likely be removed in a future release.
INFO: java_cmd /usr/lib/jvm/java-17-openjdk-amd64/bin/java
INFO: jdk_version 17
StdoutLogger 2025-12-20 23:58:54,784 Start time: Sat Dec 20 23:58:54 CST 2025
INFO: java_cmd /usr/lib/jvm/java-17-openjdk-amd64/bin/java
INFO: jdk_version 17
OpenJDK 64-Bit Server VM warning: Option CriticalJNINatives was deprecated in version 16.0 and will likely be removed in a future release.
SLF4J(W): Class path contains multiple SLF4J providers.
SLF4J(W): Found provider [org.apache.logging.slf4j.SLF4JServiceProvider@64c64813]
SLF4J(W): Found provider [org.slf4j.reload4j.Reload4jServiceProvider@3ecf72fd]
SLF4J(W): See https://www.slf4j.org/codes.html#multiple_bindings for an explanation.
SLF4J(I): Actual provider is of type [org.apache.logging.slf4j.SLF4JServiceProvider@64c64813]
start BE in local mode
INFO: java_cmd /usr/lib/jvm/java-17-openjdk-amd64/bin/java
INFO: jdk_version 17
INFO: java_cmd /usr/lib/jvm/java-17-openjdk-amd64/bin/java
INFO: jdk_version 17
INFO: java_cmd /usr/lib/jvm/java-17-openjdk-amd64/bin/java
INFO: jdk_version 17
StdoutLogger 2025-12-21 11:08:23,998 Start time: Sun Dec 21 11:08:22 CST 2025
INFO: java_cmd /usr/lib/jvm/java-17-openjdk-amd64/bin/java
INFO: jdk_version 17
OpenJDK 64-Bit Server VM warning: Option CriticalJNINatives was deprecated in version 16.0 and will likely be removed in a future release.
SLF4J(W): Class path contains multiple SLF4J providers.
SLF4J(W): Found provider [org.apache.logging.slf4j.SLF4JServiceProvider@64c64813]
SLF4J(W): Found provider [org.slf4j.reload4j.Reload4jServiceProvider@3ecf72fd]
SLF4J(W): See https://www.slf4j.org/codes.html#multiple_bindings for an explanation.
SLF4J(I): Actual provider is of type [org.apache.logging.slf4j.SLF4JServiceProvider@64c64813]
INFO: java_cmd /usr/lib/jvm/java-17-openjdk-amd64/bin/java
INFO: jdk_version 17
StdoutLogger 2025-12-21 11:44:38,425 Start time: Sun Dec 21 11:44:38 CST 2025
INFO: java_cmd /usr/lib/jvm/java-17-openjdk-amd64/bin/java
INFO: jdk_version 17
OpenJDK 64-Bit Server VM warning: Option CriticalJNINatives was deprecated in version 16.0 and will likely be removed in a future release.
SLF4J(W): Class path contains multiple SLF4J providers.
SLF4J(W): Found provider [org.apache.logging.slf4j.SLF4JServiceProvider@64c64813]
SLF4J(W): Found provider [org.slf4j.reload4j.Reload4jServiceProvider@3ecf72fd]
SLF4J(W): See https://www.slf4j.org/codes.html#multiple_bindings for an explanation.
SLF4J(I): Actual provider is of type [org.apache.logging.slf4j.SLF4JServiceProvider@64c64813]
start BE in local mode
--- tail fe.log ---
2025-12-21 11:44:44,945 INFO (report-thread|182) [ReportHandler.deleteFromBackend():1203] delete tablet[1766220400913] from backend[1766285578511] because not found in meta
2025-12-21 11:44:44,945 WARN (report-thread|182) [ReportHandler.addReplica():1603] no add replica [1766247603567-1766247603568] cause it is enough[1-tag.location.default: 1], tablet status HEALTHY
2025-12-21 11:44:44,945 INFO (report-thread|182) [ReportHandler.deleteFromBackend():1187] failed add to meta. tablet[1766247603567], backend[1766285578511]
2025-12-21 11:44:44,945 INFO (report-thread|182) [ReportHandler.deleteFromBackend():1203] delete tablet[1766247603567] from backend[1766285578511] because not found in meta
2025-12-21 11:44:44,945 WARN (report-thread|182) [ReportHandler.addReplica():1603] no add replica [1766247603561-1766247603562] cause it is enough[1-tag.location.default: 1], tablet status HEALTHY
2025-12-21 11:44:44,945 INFO (report-thread|182) [ReportHandler.deleteFromBackend():1187] failed add to meta. tablet[1766247603561], backend[1766285578511]
2025-12-21 11:44:44,945 INFO (report-thread|182) [ReportHandler.deleteFromBackend():1203] delete tablet[1766247603561] from backend[1766285578511] because not found in meta
2025-12-21 11:44:44,945 WARN (report-thread|182) [ReportHandler.addReplica():1603] no add replica [1766247603563-1766247603564] cause it is enough[1-tag.location.default: 1], tablet status HEALTHY
2025-12-21 11:44:44,945 INFO (report-thread|182) [ReportHandler.deleteFromBackend():1187] failed add to meta. tablet[1766247603563], backend[1766285578511]
2025-12-21 11:44:44,945 INFO (report-thread|182) [ReportHandler.deleteFromBackend():1203] delete tablet[1766247603563] from backend[1766285578511] because not found in meta
2025-12-21 11:44:44,945 WARN (report-thread|182) [ReportHandler.addReplica():1424] org.apache.doris.common.MetaNotFoundException: errCode = 7, detailMessage = table not found, tableId=1766220400893
2025-12-21 11:44:44,945 INFO (report-thread|182) [ReportHandler.deleteFromBackend():1187] failed add to meta. tablet[1766220400895], backend[1766285578511]
2025-12-21 11:44:44,945 INFO (report-thread|182) [ReportHandler.deleteFromBackend():1203] delete tablet[1766220400895] from backend[1766285578511] because not found in meta
2025-12-21 11:44:44,946 WARN (report-thread|182) [ReportHandler.addReplica():1603] no add replica [1766220400842-1766220400843] cause it is enough[1-tag.location.default: 1], tablet status HEALTHY
2025-12-21 11:44:44,946 INFO (report-thread|182) [ReportHandler.deleteFromBackend():1187] failed add to meta. tablet[1766220400842], backend[1766285578511]
2025-12-21 11:44:44,946 INFO (report-thread|182) [ReportHandler.deleteFromBackend():1203] delete tablet[1766220400842] from backend[1766285578511] because not found in meta
2025-12-21 11:44:44,946 WARN (report-thread|182) [ReportHandler.addReplica():1603] no add replica [1766220400847-1766220400848] cause it is enough[1-tag.location.default: 1], tablet status HEALTHY
2025-12-21 11:44:44,946 INFO (report-thread|182) [ReportHandler.deleteFromBackend():1187] failed add to meta. tablet[1766220400847], backend[1766285578511]
2025-12-21 11:44:44,946 INFO (report-thread|182) [ReportHandler.deleteFromBackend():1203] delete tablet[1766220400847] from backend[1766285578511] because not found in meta
2025-12-21 11:44:44,946 WARN (report-thread|182) [ReportHandler.addReplica():1603] no add replica [1766220400844-1766220400845] cause it is enough[1-tag.location.default: 1], tablet status HEALTHY
2025-12-21 11:44:44,946 INFO (report-thread|182) [ReportHandler.deleteFromBackend():1187] failed add to meta. tablet[1766220400844], backend[1766285578511]
2025-12-21 11:44:44,946 INFO (report-thread|182) [ReportHandler.deleteFromBackend():1203] delete tablet[1766220400844] from backend[1766285578511] because not found in meta
2025-12-21 11:44:44,946 WARN (report-thread|182) [ReportHandler.addReplica():1603] no add replica [1766220400835-1766220400836] cause it is enough[1-tag.location.default: 1], tablet status HEALTHY
2025-12-21 11:44:44,946 INFO (report-thread|182) [ReportHandler.deleteFromBackend():1187] failed add to meta. tablet[1766220400835], backend[1766285578511]
2025-12-21 11:44:44,946 INFO (report-thread|182) [ReportHandler.deleteFromBackend():1203] delete tablet[1766220400835] from backend[1766285578511] because not found in meta
2025-12-21 11:44:44,946 WARN (report-thread|182) [ReportHandler.addReplica():1603] no add replica [1766220400833-1766220400834] cause it is enough[1-tag.location.default: 1], tablet status HEALTHY
2025-12-21 11:44:44,946 INFO (report-thread|182) [ReportHandler.deleteFromBackend():1187] failed add to meta. tablet[1766220400833], backend[1766285578511]
2025-12-21 11:44:44,946 INFO (report-thread|182) [ReportHandler.deleteFromBackend():1203] delete tablet[1766220400833] from backend[1766285578511] because not found in meta
2025-12-21 11:44:44,946 WARN (report-thread|182) [ReportHandler.addReplica():1603] no add replica [1766220400837-1766220400838] cause it is enough[1-tag.location.default: 1], tablet status HEALTHY
2025-12-21 11:44:44,947 INFO (report-thread|182) [ReportHandler.deleteFromBackend():1187] failed add to meta. tablet[1766220400837], backend[1766285578511]
2025-12-21 11:44:44,947 INFO (report-thread|182) [ReportHandler.deleteFromBackend():1203] delete tablet[1766220400837] from backend[1766285578511] because not found in meta
2025-12-21 11:44:44,947 WARN (report-thread|182) [ReportHandler.addReplica():1603] no add replica [1766220400859-1766220400860] cause it is enough[1-tag.location.default: 1], tablet status HEALTHY
2025-12-21 11:44:44,947 INFO (report-thread|182) [ReportHandler.deleteFromBackend():1187] failed add to meta. tablet[1766220400859], backend[1766285578511]
2025-12-21 11:44:44,947 INFO (report-thread|182) [ReportHandler.deleteFromBackend():1203] delete tablet[1766220400859] from backend[1766285578511] because not found in meta
2025-12-21 11:44:44,947 WARN (report-thread|182) [ReportHandler.addReplica():1603] no add replica [1766220400857-1766220400858] cause it is enough[1-tag.location.default: 1], tablet status HEALTHY
2025-12-21 11:44:44,947 INFO (report-thread|182) [ReportHandler.deleteFromBackend():1187] failed add to meta. tablet[1766220400857], backend[1766285578511]
2025-12-21 11:44:44,947 INFO (report-thread|182) [ReportHandler.deleteFromBackend():1203] delete tablet[1766220400857] from backend[1766285578511] because not found in meta
2025-12-21 11:44:44,947 WARN (report-thread|182) [ReportHandler.addReplica():1603] no add replica [1766220400849-1766220400850] cause it is enough[1-tag.location.default: 1], tablet status HEALTHY
2025-12-21 11:44:44,947 INFO (report-thread|182) [ReportHandler.deleteFromBackend():1187] failed add to meta. tablet[1766220400849], backend[1766285578511]
2025-12-21 11:44:44,947 INFO (report-thread|182) [ReportHandler.deleteFromBackend():1203] delete tablet[1766220400849] from backend[1766285578511] because not found in meta
2025-12-21 11:44:44,947 WARN (report-thread|182) [ReportHandler.addReplica():1603] no add replica [1766220400854-1766220400855] cause it is enough[1-tag.location.default: 1], tablet status HEALTHY
2025-12-21 11:44:44,947 INFO (report-thread|182) [ReportHandler.deleteFromBackend():1187] failed add to meta. tablet[1766220400854], backend[1766285578511]
2025-12-21 11:44:44,947 INFO (report-thread|182) [ReportHandler.deleteFromBackend():1203] delete tablet[1766220400854] from backend[1766285578511] because not found in meta
2025-12-21 11:44:44,947 WARN (report-thread|182) [ReportHandler.addReplica():1603] no add replica [1766220400852-1766220400853] cause it is enough[1-tag.location.default: 1], tablet status HEALTHY
2025-12-21 11:44:44,947 INFO (report-thread|182) [ReportHandler.deleteFromBackend():1187] failed add to meta. tablet[1766220400852], backend[1766285578511]
2025-12-21 11:44:44,948 INFO (report-thread|182) [ReportHandler.deleteFromBackend():1203] delete tablet[1766220400852] from backend[1766285578511] because not found in meta
2025-12-21 11:44:44,948 WARN (report-thread|182) [ReportHandler.addReplica():1603] no add replica [1766220400810-1766220400811] cause it is enough[1-tag.location.default: 1], tablet status HEALTHY
2025-12-21 11:44:44,948 INFO (report-thread|182) [ReportHandler.deleteFromBackend():1187] failed add to meta. tablet[1766220400810], backend[1766285578511]
2025-12-21 11:44:44,948 INFO (report-thread|182) [ReportHandler.deleteFromBackend():1203] delete tablet[1766220400810] from backend[1766285578511] because not found in meta
2025-12-21 11:44:44,948 WARN (report-thread|182) [ReportHandler.addReplica():1603] no add replica [1766220400808-1766220400809] cause it is enough[1-tag.location.default: 1], tablet status HEALTHY
2025-12-21 11:44:44,948 INFO (report-thread|182) [ReportHandler.deleteFromBackend():1187] failed add to meta. tablet[1766220400808], backend[1766285578511]
2025-12-21 11:44:44,948 INFO (report-thread|182) [ReportHandler.deleteFromBackend():1203] delete tablet[1766220400808] from backend[1766285578511] because not found in meta
2025-12-21 11:44:44,948 WARN (report-thread|182) [ReportHandler.addReplica():1603] no add replica [1766220400814-1766220400815] cause it is enough[1-tag.location.default: 1], tablet status HEALTHY
2025-12-21 11:44:44,948 INFO (report-thread|182) [ReportHandler.deleteFromBackend():1187] failed add to meta. tablet[1766220400814], backend[1766285578511]
2025-12-21 11:44:44,948 INFO (report-thread|182) [ReportHandler.deleteFromBackend():1203] delete tablet[1766220400814] from backend[1766285578511] because not found in meta
2025-12-21 11:44:44,948 WARN (report-thread|182) [ReportHandler.addReplica():1603] no add replica [1766220400812-1766220400813] cause it is enough[1-tag.location.default: 1], tablet status HEALTHY
2025-12-21 11:44:44,948 INFO (report-thread|182) [ReportHandler.deleteFromBackend():1187] failed add to meta. tablet[1766220400812], backend[1766285578511]
2025-12-21 11:44:44,948 INFO (report-thread|182) [ReportHandler.deleteFromBackend():1203] delete tablet[1766220400812] from backend[1766285578511] because not found in meta
2025-12-21 11:44:44,949 WARN (report-thread|182) [ReportHandler.addReplica():1603] no add replica [1766220400827-1766220400828] cause it is enough[1-tag.location.default: 1], tablet status HEALTHY
2025-12-21 11:44:44,949 INFO (report-thread|182) [ReportHandler.deleteFromBackend():1187] failed add to meta. tablet[1766220400827], backend[1766285578511]
2025-12-21 11:44:44,949 INFO (report-thread|182) [ReportHandler.deleteFromBackend():1203] delete tablet[1766220400827] from backend[1766285578511] because not found in meta
2025-12-21 11:44:44,949 WARN (report-thread|182) [ReportHandler.addReplica():1603] no add replica [1766220400825-1766220400826] cause it is enough[1-tag.location.default: 1], tablet status HEALTHY
2025-12-21 11:44:44,949 INFO (report-thread|182) [ReportHandler.deleteFromBackend():1187] failed add to meta. tablet[1766220400825], backend[1766285578511]
2025-12-21 11:44:44,949 INFO (report-thread|182) [ReportHandler.deleteFromBackend():1203] delete tablet[1766220400825] from backend[1766285578511] because not found in meta
2025-12-21 11:44:44,949 WARN (report-thread|182) [ReportHandler.addReplica():1603] no add replica [1766220400831-1766220400832] cause it is enough[1-tag.location.default: 1], tablet status HEALTHY
2025-12-21 11:44:44,949 INFO (report-thread|182) [ReportHandler.deleteFromBackend():1187] failed add to meta. tablet[1766220400831], backend[1766285578511]
2025-12-21 11:44:44,949 INFO (report-thread|182) [ReportHandler.deleteFromBackend():1203] delete tablet[1766220400831] from backend[1766285578511] because not found in meta
2025-12-21 11:44:44,949 WARN (report-thread|182) [ReportHandler.addReplica():1603] no add replica [1766220400829-1766220400830] cause it is enough[1-tag.location.default: 1], tablet status HEALTHY
2025-12-21 11:44:44,949 INFO (report-thread|182) [ReportHandler.deleteFromBackend():1187] failed add to meta. tablet[1766220400829], backend[1766285578511]
2025-12-21 11:44:44,949 INFO (report-thread|182) [ReportHandler.deleteFromBackend():1203] delete tablet[1766220400829] from backend[1766285578511] because not found in meta
2025-12-21 11:44:44,949 WARN (report-thread|182) [ReportHandler.addReplica():1603] no add replica [1766220400818-1766220400819] cause it is enough[1-tag.location.default: 1], tablet status HEALTHY
2025-12-21 11:44:44,949 INFO (report-thread|182) [ReportHandler.deleteFromBackend():1187] failed add to meta. tablet[1766220400818], backend[1766285578511]
2025-12-21 11:44:44,949 INFO (report-thread|182) [ReportHandler.deleteFromBackend():1203] delete tablet[1766220400818] from backend[1766285578511] because not found in meta
2025-12-21 11:44:44,950 WARN (report-thread|182) [ReportHandler.addReplica():1603] no add replica [1766220400816-1766220400817] cause it is enough[1-tag.location.default: 1], tablet status HEALTHY
2025-12-21 11:44:44,950 INFO (report-thread|182) [ReportHandler.deleteFromBackend():1187] failed add to meta. tablet[1766220400816], backend[1766285578511]
2025-12-21 11:44:44,950 INFO (report-thread|182) [ReportHandler.deleteFromBackend():1203] delete tablet[1766220400816] from backend[1766285578511] because not found in meta
2025-12-21 11:44:44,950 WARN (report-thread|182) [ReportHandler.addReplica():1603] no add replica [1766220400820-1766220400821] cause it is enough[1-tag.location.default: 1], tablet status HEALTHY
2025-12-21 11:44:44,950 INFO (report-thread|182) [ReportHandler.deleteFromBackend():1187] failed add to meta. tablet[1766220400820], backend[1766285578511]
2025-12-21 11:44:44,950 INFO (report-thread|182) [ReportHandler.deleteFromBackend():1203] delete tablet[1766220400820] from backend[1766285578511] because not found in meta
2025-12-21 11:44:44,950 WARN (report-thread|182) [ReportHandler.addReplica():1424] org.apache.doris.common.MetaNotFoundException: errCode = 7, detailMessage = table not found, tableId=1766220401011
2025-12-21 11:44:44,950 INFO (report-thread|182) [ReportHandler.deleteFromBackend():1187] failed add to meta. tablet[1766220401027], backend[1766285578511]
2025-12-21 11:44:44,950 INFO (report-thread|182) [ReportHandler.deleteFromBackend():1203] delete tablet[1766220401027] from backend[1766285578511] because not found in meta
2025-12-21 11:44:44,950 WARN (report-thread|182) [ReportHandler.addReplica():1424] org.apache.doris.common.MetaNotFoundException: errCode = 7, detailMessage = table not found, tableId=1766220401011
2025-12-21 11:44:44,950 INFO (report-thread|182) [ReportHandler.deleteFromBackend():1187] failed add to meta. tablet[1766220401025], backend[1766285578511]
2025-12-21 11:44:44,950 INFO (report-thread|182) [ReportHandler.deleteFromBackend():1203] delete tablet[1766220401025] from backend[1766285578511] because not found in meta
2025-12-21 11:44:44,950 WARN (report-thread|182) [ReportHandler.addReplica():1424] org.apache.doris.common.MetaNotFoundException: errCode = 7, detailMessage = table not found, tableId=1766220401011
2025-12-21 11:44:44,950 INFO (report-thread|182) [ReportHandler.deleteFromBackend():1187] failed add to meta. tablet[1766220401031], backend[1766285578511]
2025-12-21 11:44:44,950 INFO (report-thread|182) [ReportHandler.deleteFromBackend():1203] delete tablet[1766220401031] from backend[1766285578511] because not found in meta
2025-12-21 11:44:44,951 WARN (report-thread|182) [ReportHandler.addReplica():1424] org.apache.doris.common.MetaNotFoundException: errCode = 7, detailMessage = table not found, tableId=1766220401011
2025-12-21 11:44:44,951 INFO (report-thread|182) [ReportHandler.deleteFromBackend():1187] failed add to meta. tablet[1766220401029], backend[1766285578511]
2025-12-21 11:44:44,951 INFO (report-thread|182) [ReportHandler.deleteFromBackend():1203] delete tablet[1766220401029] from backend[1766285578511] because not found in meta
2025-12-21 11:44:44,951 INFO (report-thread|182) [ReportHandler.deleteFromBackend():1212] delete 92 tablet(s) and add 0 replica(s) to meta from backend[1766285578511]
2025-12-21 11:44:44,951 INFO (report-thread|182) [ReportHandler.tabletReport():693] finished to handle tablet report from backend[1766285578511] cost: 16 ms
2025-12-21 11:44:44,955 INFO (thrift-server-pool-4|372) [MasterImpl.finishTaskInternal():151] Finish task rpc for request=TFinishTaskRequest(backend:TBackend(host:127.0.0.1, be_port:9060, http_port:8040, brpc_port:8060, id:1766285578511), task_type:DROP, signature:1766220401006, task_status:TStatus(status_code:OK), finish_tablet_infos:[TTabletInfo(tablet_id:1766220401006, schema_hash:372158796, version:0, version_hash:0, row_count:0, data_size:0, local_index_size:0, local_segment_size:0, remote_index_size:0, remote_segment_size:0)])
2025-12-21 11:44:44,955 INFO (thrift-server-pool-5|373) [MasterImpl.finishTaskInternal():151] Finish task rpc for request=TFinishTaskRequest(backend:TBackend(host:127.0.0.1, be_port:9060, http_port:8040, brpc_port:8060, id:1766285578511), task_type:DROP, signature:1766220401000, task_status:TStatus(status_code:OK), finish_tablet_infos:[TTabletInfo(tablet_id:1766220401000, schema_hash:372158796, version:0, version_hash:0, row_count:0, data_size:0, local_index_size:0, local_segment_size:0, remote_index_size:0, remote_segment_size:0)])
2025-12-21 11:44:44,956 INFO (thrift-server-pool-5|373) [MasterImpl.finishTaskInternal():151] Finish task rpc for request=TFinishTaskRequest(backend:TBackend(host:127.0.0.1, be_port:9060, http_port:8040, brpc_port:8060, id:1766285578511), task_type:DROP, signature:1766220400994, task_status:TStatus(status_code:OK), finish_tablet_infos:[TTabletInfo(tablet_id:1766220400994, schema_hash:372158796, version:0, version_hash:0, row_count:0, data_size:0, local_index_size:0, local_segment_size:0, remote_index_size:0, remote_segment_size:0)])
2025-12-21 11:44:44,956 INFO (thrift-server-pool-6|376) [MasterImpl.finishTaskInternal():151] Finish task rpc for request=TFinishTaskRequest(backend:TBackend(host:127.0.0.1, be_port:9060, http_port:8040, brpc_port:8060, id:1766285578511), task_type:DROP, signature:1766220401002, task_status:TStatus(status_code:OK), finish_tablet_infos:[TTabletInfo(tablet_id:1766220401002, schema_hash:372158796, version:0, version_hash:0, row_count:0, data_size:0, local_index_size:0, local_segment_size:0, remote_index_size:0, remote_segment_size:0)])
2025-12-21 11:44:44,957 INFO (thrift-server-pool-5|373) [MasterImpl.finishTaskInternal():151] Finish task rpc for request=TFinishTaskRequest(backend:TBackend(host:127.0.0.1, be_port:9060, http_port:8040, brpc_port:8060, id:1766285578511), task_type:DROP, signature:1766220400992, task_status:TStatus(status_code:OK), finish_tablet_infos:[TTabletInfo(tablet_id:1766220400992, schema_hash:372158796, version:0, version_hash:0, row_count:0, data_size:0, local_index_size:0, local_segment_size:0, remote_index_size:0, remote_segment_size:0)])
2025-12-21 11:44:44,957 INFO (thrift-server-pool-6|376) [MasterImpl.finishTaskInternal():151] Finish task rpc for request=TFinishTaskRequest(backend:TBackend(host:127.0.0.1, be_port:9060, http_port:8040, brpc_port:8060, id:1766285578511), task_type:DROP, signature:1766220400998, task_status:TStatus(status_code:OK), finish_tablet_infos:[TTabletInfo(tablet_id:1766220400998, schema_hash:372158796, version:0, version_hash:0, row_count:0, data_size:0, local_index_size:0, local_segment_size:0, remote_index_size:0, remote_segment_size:0)])
2025-12-21 11:44:44,957 INFO (thrift-server-pool-5|373) [MasterImpl.finishTaskInternal():151] Finish task rpc for request=TFinishTaskRequest(backend:TBackend(host:127.0.0.1, be_port:9060, http_port:8040, brpc_port:8060, id:1766285578511), task_type:DROP, signature:1766220400996, task_status:TStatus(status_code:OK), finish_tablet_infos:[TTabletInfo(tablet_id:1766220400996, schema_hash:372158796, version:0, version_hash:0, row_count:0, data_size:0, local_index_size:0, local_segment_size:0, remote_index_size:0, remote_segment_size:0)])
2025-12-21 11:44:44,958 INFO (thrift-server-pool-4|372) [MasterImpl.finishTaskInternal():151] Finish task rpc for request=TFinishTaskRequest(backend:TBackend(host:127.0.0.1, be_port:9060, http_port:8040, brpc_port:8060, id:1766285578511), task_type:DROP, signature:1766220401004, task_status:TStatus(status_code:OK), finish_tablet_infos:[TTabletInfo(tablet_id:1766220401004, schema_hash:372158796, version:0, version_hash:0, row_count:0, data_size:0, local_index_size:0, local_segment_size:0, remote_index_size:0, remote_segment_size:0)])
2025-12-21 11:44:44,958 INFO (thrift-server-pool-5|373) [MasterImpl.finishTaskInternal():151] Finish task rpc for request=TFinishTaskRequest(backend:TBackend(host:127.0.0.1, be_port:9060, http_port:8040, brpc_port:8060, id:1766285578511), task_type:DROP, signature:1766220401017, task_status:TStatus(status_code:OK), finish_tablet_infos:[TTabletInfo(tablet_id:1766220401017, schema_hash:888508563, version:0, version_hash:0, row_count:0, data_size:0, local_index_size:0, local_segment_size:0, remote_index_size:0, remote_segment_size:0)])
2025-12-21 11:44:44,958 INFO (thrift-server-pool-6|376) [MasterImpl.finishTaskInternal():151] Finish task rpc for request=TFinishTaskRequest(backend:TBackend(host:127.0.0.1, be_port:9060, http_port:8040, brpc_port:8060, id:1766285578511), task_type:DROP, signature:1766220401019, task_status:TStatus(status_code:OK), finish_tablet_infos:[TTabletInfo(tablet_id:1766220401019, schema_hash:888508563, version:0, version_hash:0, row_count:0, data_size:0, local_index_size:0, local_segment_size:0, remote_index_size:0, remote_segment_size:0)])
2025-12-21 11:44:44,958 INFO (thrift-server-pool-4|372) [MasterImpl.finishTaskInternal():151] Finish task rpc for request=TFinishTaskRequest(backend:TBackend(host:127.0.0.1, be_port:9060, http_port:8040, brpc_port:8060, id:1766285578511), task_type:DROP, signature:1766220401023, task_status:TStatus(status_code:OK), finish_tablet_infos:[TTabletInfo(tablet_id:1766220401023, schema_hash:888508563, version:0, version_hash:0, row_count:0, data_size:0, local_index_size:0, local_segment_size:0, remote_index_size:0, remote_segment_size:0)])
2025-12-21 11:44:44,959 INFO (thrift-server-pool-5|373) [MasterImpl.finishTaskInternal():151] Finish task rpc for request=TFinishTaskRequest(backend:TBackend(host:127.0.0.1, be_port:9060, http_port:8040, brpc_port:8060, id:1766285578511), task_type:DROP, signature:1766220401021, task_status:TStatus(status_code:OK), finish_tablet_infos:[TTabletInfo(tablet_id:1766220401021, schema_hash:888508563, version:0, version_hash:0, row_count:0, data_size:0, local_index_size:0, local_segment_size:0, remote_index_size:0, remote_segment_size:0)])
2025-12-21 11:44:44,959 INFO (thrift-server-pool-6|376) [MasterImpl.finishTaskInternal():151] Finish task rpc for request=TFinishTaskRequest(backend:TBackend(host:127.0.0.1, be_port:9060, http_port:8040, brpc_port:8060, id:1766285578511), task_type:DROP, signature:1766220401015, task_status:TStatus(status_code:OK), finish_tablet_infos:[TTabletInfo(tablet_id:1766220401015, schema_hash:888508563, version:0, version_hash:0, row_count:0, data_size:0, local_index_size:0, local_segment_size:0, remote_index_size:0, remote_segment_size:0)])
2025-12-21 11:44:44,959 INFO (thrift-server-pool-4|372) [MasterImpl.finishTaskInternal():151] Finish task rpc for request=TFinishTaskRequest(backend:TBackend(host:127.0.0.1, be_port:9060, http_port:8040, brpc_port:8060, id:1766285578511), task_type:DROP, signature:1766220401013, task_status:TStatus(status_code:OK), finish_tablet_infos:[TTabletInfo(tablet_id:1766220401013, schema_hash:888508563, version:0, version_hash:0, row_count:0, data_size:0, local_index_size:0, local_segment_size:0, remote_index_size:0, remote_segment_size:0)])
2025-12-21 11:44:44,959 INFO (thrift-server-pool-6|376) [MasterImpl.finishTaskInternal():151] Finish task rpc for request=TFinishTaskRequest(backend:TBackend(host:127.0.0.1, be_port:9060, http_port:8040, brpc_port:8060, id:1766285578511), task_type:DROP, signature:1766220400970, task_status:TStatus(status_code:OK), finish_tablet_infos:[TTabletInfo(tablet_id:1766220400970, schema_hash:958485288, version:0, version_hash:0, row_count:0, data_size:0, local_index_size:0, local_segment_size:0, remote_index_size:0, remote_segment_size:0)])
2025-12-21 11:44:44,959 INFO (thrift-server-pool-5|373) [MasterImpl.finishTaskInternal():151] Finish task rpc for request=TFinishTaskRequest(backend:TBackend(host:127.0.0.1, be_port:9060, http_port:8040, brpc_port:8060, id:1766285578511), task_type:DROP, signature:1766220400968, task_status:TStatus(status_code:OK), finish_tablet_infos:[TTabletInfo(tablet_id:1766220400968, schema_hash:958485288, version:0, version_hash:0, row_count:0, data_size:0, local_index_size:0, local_segment_size:0, remote_index_size:0, remote_segment_size:0)])
2025-12-21 11:44:44,960 INFO (thrift-server-pool-4|372) [MasterImpl.finishTaskInternal():151] Finish task rpc for request=TFinishTaskRequest(backend:TBackend(host:127.0.0.1, be_port:9060, http_port:8040, brpc_port:8060, id:1766285578511), task_type:DROP, signature:1766220400972, task_status:TStatus(status_code:OK), finish_tablet_infos:[TTabletInfo(tablet_id:1766220400972, schema_hash:958485288, version:0, version_hash:0, row_count:0, data_size:0, local_index_size:0, local_segment_size:0, remote_index_size:0, remote_segment_size:0)])
2025-12-21 11:44:44,960 INFO (thrift-server-pool-6|376) [MasterImpl.finishTaskInternal():151] Finish task rpc for request=TFinishTaskRequest(backend:TBackend(host:127.0.0.1, be_port:9060, http_port:8040, brpc_port:8060, id:1766285578511), task_type:DROP, signature:1766220400962, task_status:TStatus(status_code:OK), finish_tablet_infos:[TTabletInfo(tablet_id:1766220400962, schema_hash:958485288, version:0, version_hash:0, row_count:0, data_size:0, local_index_size:0, local_segment_size:0, remote_index_size:0, remote_segment_size:0)])
2025-12-21 11:44:44,960 INFO (thrift-server-pool-4|372) [MasterImpl.finishTaskInternal():151] Finish task rpc for request=TFinishTaskRequest(backend:TBackend(host:127.0.0.1, be_port:9060, http_port:8040, brpc_port:8060, id:1766285578511), task_type:DROP, signature:1766220400966, task_status:TStatus(status_code:OK), finish_tablet_infos:[TTabletInfo(tablet_id:1766220400966, schema_hash:958485288, version:0, version_hash:0, row_count:0, data_size:0, local_index_size:0, local_segment_size:0, remote_index_size:0, remote_segment_size:0)])
2025-12-21 11:44:44,960 INFO (thrift-server-pool-5|373) [MasterImpl.finishTaskInternal():151] Finish task rpc for request=TFinishTaskRequest(backend:TBackend(host:127.0.0.1, be_port:9060, http_port:8040, brpc_port:8060, id:1766285578511), task_type:DROP, signature:1766220400960, task_status:TStatus(status_code:OK), finish_tablet_infos:[TTabletInfo(tablet_id:1766220400960, schema_hash:958485288, version:0, version_hash:0, row_count:0, data_size:0, local_index_size:0, local_segment_size:0, remote_index_size:0, remote_segment_size:0)])
2025-12-21 11:44:44,961 INFO (thrift-server-pool-6|376) [MasterImpl.finishTaskInternal():151] Finish task rpc for request=TFinishTaskRequest(backend:TBackend(host:127.0.0.1, be_port:9060, http_port:8040, brpc_port:8060, id:1766285578511), task_type:DROP, signature:1766220400964, task_status:TStatus(status_code:OK), finish_tablet_infos:[TTabletInfo(tablet_id:1766220400964, schema_hash:958485288, version:0, version_hash:0, row_count:0, data_size:0, local_index_size:0, local_segment_size:0, remote_index_size:0, remote_segment_size:0)])
2025-12-21 11:44:44,961 INFO (thrift-server-pool-4|372) [MasterImpl.finishTaskInternal():151] Finish task rpc for request=TFinishTaskRequest(backend:TBackend(host:127.0.0.1, be_port:9060, http_port:8040, brpc_port:8060, id:1766285578511), task_type:DROP, signature:1766220400988, task_status:TStatus(status_code:OK), finish_tablet_infos:[TTabletInfo(tablet_id:1766220400988, schema_hash:372158796, version:0, version_hash:0, row_count:0, data_size:0, local_index_size:0, local_segment_size:0, remote_index_size:0, remote_segment_size:0)])
2025-12-21 11:44:44,961 INFO (thrift-server-pool-5|373) [MasterImpl.finishTaskInternal():151] Finish task rpc for request=TFinishTaskRequest(backend:TBackend(host:127.0.0.1, be_port:9060, http_port:8040, brpc_port:8060, id:1766285578511), task_type:DROP, signature:1766220400990, task_status:TStatus(status_code:OK), finish_tablet_infos:[TTabletInfo(tablet_id:1766220400990, schema_hash:372158796, version:0, version_hash:0, row_count:0, data_size:0, local_index_size:0, local_segment_size:0, remote_index_size:0, remote_segment_size:0)])
2025-12-21 11:44:44,961 INFO (thrift-server-pool-6|376) [MasterImpl.finishTaskInternal():151] Finish task rpc for request=TFinishTaskRequest(backend:TBackend(host:127.0.0.1, be_port:9060, http_port:8040, brpc_port:8060, id:1766285578511), task_type:DROP, signature:1766220400939, task_status:TStatus(status_code:OK), finish_tablet_infos:[TTabletInfo(tablet_id:1766220400939, schema_hash:372102284, version:0, version_hash:0, row_count:0, data_size:0, local_index_size:0, local_segment_size:0, remote_index_size:0, remote_segment_size:0)])
2025-12-21 11:44:44,962 INFO (thrift-server-pool-4|372) [MasterImpl.finishTaskInternal():151] Finish task rpc for request=TFinishTaskRequest(backend:TBackend(host:127.0.0.1, be_port:9060, http_port:8040, brpc_port:8060, id:1766285578511), task_type:DROP, signature:1766220400937, task_status:TStatus(status_code:OK), finish_tablet_infos:[TTabletInfo(tablet_id:1766220400937, schema_hash:372102284, version:0, version_hash:0, row_count:0, data_size:0, local_index_size:0, local_segment_size:0, remote_index_size:0, remote_segment_size:0)])
2025-12-21 11:44:44,962 INFO (thrift-server-pool-5|373) [MasterImpl.finishTaskInternal():151] Finish task rpc for request=TFinishTaskRequest(backend:TBackend(host:127.0.0.1, be_port:9060, http_port:8040, brpc_port:8060, id:1766285578511), task_type:DROP, signature:1766247603540, task_status:TStatus(status_code:OK), finish_tablet_infos:[TTabletInfo(tablet_id:1766247603540, schema_hash:1430210267, version:0, version_hash:0, row_count:0, data_size:0, local_index_size:0, local_segment_size:0, remote_index_size:0, remote_segment_size:0)])
2025-12-21 11:44:44,962 INFO (thrift-server-pool-6|376) [MasterImpl.finishTaskInternal():151] Finish task rpc for request=TFinishTaskRequest(backend:TBackend(host:127.0.0.1, be_port:9060, http_port:8040, brpc_port:8060, id:1766285578511), task_type:DROP, signature:1766247603542, task_status:TStatus(status_code:OK), finish_tablet_infos:[TTabletInfo(tablet_id:1766247603542, schema_hash:1430210267, version:0, version_hash:0, row_count:0, data_size:0, local_index_size:0, local_segment_size:0, remote_index_size:0, remote_segment_size:0)])
2025-12-21 11:44:44,963 INFO (thrift-server-pool-5|373) [MasterImpl.finishTaskInternal():151] Finish task rpc for request=TFinishTaskRequest(backend:TBackend(host:127.0.0.1, be_port:9060, http_port:8040, brpc_port:8060, id:1766285578511), task_type:DROP, signature:1766247603536, task_status:TStatus(status_code:OK), finish_tablet_infos:[TTabletInfo(tablet_id:1766247603536, schema_hash:1430210267, version:0, version_hash:0, row_count:0, data_size:0, local_index_size:0, local_segment_size:0, remote_index_size:0, remote_segment_size:0)])
2025-12-21 11:44:44,963 INFO (thrift-server-pool-6|376) [MasterImpl.finishTaskInternal():151] Finish task rpc for request=TFinishTaskRequest(backend:TBackend(host:127.0.0.1, be_port:9060, http_port:8040, brpc_port:8060, id:1766285578511), task_type:DROP, signature:1766220400943, task_status:TStatus(status_code:OK), finish_tablet_infos:[TTabletInfo(tablet_id:1766220400943, schema_hash:372102284, version:0, version_hash:0, row_count:0, data_size:0, local_index_size:0, local_segment_size:0, remote_index_size:0, remote_segment_size:0)])
2025-12-21 11:44:44,963 INFO (thrift-server-pool-4|372) [MasterImpl.finishTaskInternal():151] Finish task rpc for request=TFinishTaskRequest(backend:TBackend(host:127.0.0.1, be_port:9060, http_port:8040, brpc_port:8060, id:1766285578511), task_type:DROP, signature:1766220400941, task_status:TStatus(status_code:OK), finish_tablet_infos:[TTabletInfo(tablet_id:1766220400941, schema_hash:372102284, version:0, version_hash:0, row_count:0, data_size:0, local_index_size:0, local_segment_size:0, remote_index_size:0, remote_segment_size:0)])
2025-12-21 11:44:44,963 INFO (thrift-server-pool-5|373) [MasterImpl.finishTaskInternal():151] Finish task rpc for request=TFinishTaskRequest(backend:TBackend(host:127.0.0.1, be_port:9060, http_port:8040, brpc_port:8060, id:1766285578511), task_type:DROP, signature:1766247603538, task_status:TStatus(status_code:OK), finish_tablet_infos:[TTabletInfo(tablet_id:1766247603538, schema_hash:1430210267, version:0, version_hash:0, row_count:0, data_size:0, local_index_size:0, local_segment_size:0, remote_index_size:0, remote_segment_size:0)])
2025-12-21 11:44:44,964 INFO (thrift-server-pool-4|372) [MasterImpl.finishTaskInternal():151] Finish task rpc for request=TFinishTaskRequest(backend:TBackend(host:127.0.0.1, be_port:9060, http_port:8040, brpc_port:8060, id:1766285578511), task_type:DROP, signature:1766247603548, task_status:TStatus(status_code:OK), finish_tablet_infos:[TTabletInfo(tablet_id:1766247603548, schema_hash:1430210267, version:0, version_hash:0, row_count:0, data_size:0, local_index_size:0, local_segment_size:0, remote_index_size:0, remote_segment_size:0)])
2025-12-21 11:44:44,964 INFO (thrift-server-pool-6|376) [MasterImpl.finishTaskInternal():151] Finish task rpc for request=TFinishTaskRequest(backend:TBackend(host:127.0.0.1, be_port:9060, http_port:8040, brpc_port:8060, id:1766285578511), task_type:DROP, signature:1766220400931, task_status:TStatus(status_code:OK), finish_tablet_infos:[TTabletInfo(tablet_id:1766220400931, schema_hash:372102284, version:0, version_hash:0, row_count:0, data_size:0, local_index_size:0, local_segment_size:0, remote_index_size:0, remote_segment_size:0)])
2025-12-21 11:44:44,964 INFO (thrift-server-pool-5|373) [MasterImpl.finishTaskInternal():151] Finish task rpc for request=TFinishTaskRequest(backend:TBackend(host:127.0.0.1, be_port:9060, http_port:8040, brpc_port:8060, id:1766285578511), task_type:DROP, signature:1766220400929, task_status:TStatus(status_code:OK), finish_tablet_infos:[TTabletInfo(tablet_id:1766220400929, schema_hash:372102284, version:0, version_hash:0, row_count:0, data_size:0, local_index_size:0, local_segment_size:0, remote_index_size:0, remote_segment_size:0)])
2025-12-21 11:44:44,964 INFO (thrift-server-pool-4|372) [MasterImpl.finishTaskInternal():151] Finish task rpc for request=TFinishTaskRequest(backend:TBackend(host:127.0.0.1, be_port:9060, http_port:8040, brpc_port:8060, id:1766285578511), task_type:DROP, signature:1766247603550, task_status:TStatus(status_code:OK), finish_tablet_infos:[TTabletInfo(tablet_id:1766247603550, schema_hash:1430210267, version:0, version_hash:0, row_count:0, data_size:0, local_index_size:0, local_segment_size:0, remote_index_size:0, remote_segment_size:0)])
2025-12-21 11:44:44,964 INFO (thrift-server-pool-6|376) [MasterImpl.finishTaskInternal():151] Finish task rpc for request=TFinishTaskRequest(backend:TBackend(host:127.0.0.1, be_port:9060, http_port:8040, brpc_port:8060, id:1766285578511), task_type:DROP, signature:1766220400935, task_status:TStatus(status_code:OK), finish_tablet_infos:[TTabletInfo(tablet_id:1766220400935, schema_hash:372102284, version:0, version_hash:0, row_count:0, data_size:0, local_index_size:0, local_segment_size:0, remote_index_size:0, remote_segment_size:0)])
2025-12-21 11:44:44,965 INFO (thrift-server-pool-5|373) [MasterImpl.finishTaskInternal():151] Finish task rpc for request=TFinishTaskRequest(backend:TBackend(host:127.0.0.1, be_port:9060, http_port:8040, brpc_port:8060, id:1766285578511), task_type:DROP, signature:1766247603544, task_status:TStatus(status_code:OK), finish_tablet_infos:[TTabletInfo(tablet_id:1766247603544, schema_hash:1430210267, version:0, version_hash:0, row_count:0, data_size:0, local_index_size:0, local_segment_size:0, remote_index_size:0, remote_segment_size:0)])
2025-12-21 11:44:44,965 INFO (thrift-server-pool-6|376) [MasterImpl.finishTaskInternal():151] Finish task rpc for request=TFinishTaskRequest(backend:TBackend(host:127.0.0.1, be_port:9060, http_port:8040, brpc_port:8060, id:1766285578511), task_type:DROP, signature:1766220400933, task_status:TStatus(status_code:OK), finish_tablet_infos:[TTabletInfo(tablet_id:1766220400933, schema_hash:372102284, version:0, version_hash:0, row_count:0, data_size:0, local_index_size:0, local_segment_size:0, remote_index_size:0, remote_segment_size:0)])
2025-12-21 11:44:44,965 INFO (thrift-server-pool-4|372) [MasterImpl.finishTaskInternal():151] Finish task rpc for request=TFinishTaskRequest(backend:TBackend(host:127.0.0.1, be_port:9060, http_port:8040, brpc_port:8060, id:1766285578511), task_type:DROP, signature:1766247603546, task_status:TStatus(status_code:OK), finish_tablet_infos:[TTabletInfo(tablet_id:1766247603546, schema_hash:1430210267, version:0, version_hash:0, row_count:0, data_size:0, local_index_size:0, local_segment_size:0, remote_index_size:0, remote_segment_size:0)])
2025-12-21 11:44:44,965 INFO (thrift-server-pool-5|373) [MasterImpl.finishTaskInternal():151] Finish task rpc for request=TFinishTaskRequest(backend:TBackend(host:127.0.0.1, be_port:9060, http_port:8040, brpc_port:8060, id:1766285578511), task_type:DROP, signature:1766220400954, task_status:TStatus(status_code:OK), finish_tablet_infos:[TTabletInfo(tablet_id:1766220400954, schema_hash:958485288, version:0, version_hash:0, row_count:0, data_size:0, local_index_size:0, local_segment_size:0, remote_index_size:0, remote_segment_size:0)])
2025-12-21 11:44:44,966 INFO (thrift-server-pool-6|376) [MasterImpl.finishTaskInternal():151] Finish task rpc for request=TFinishTaskRequest(backend:TBackend(host:127.0.0.1, be_port:9060, http_port:8040, brpc_port:8060, id:1766285578511), task_type:DROP, signature:1766220400958, task_status:TStatus(status_code:OK), finish_tablet_infos:[TTabletInfo(tablet_id:1766220400958, schema_hash:958485288, version:0, version_hash:0, row_count:0, data_size:0, local_index_size:0, local_segment_size:0, remote_index_size:0, remote_segment_size:0)])
2025-12-21 11:44:44,966 INFO (thrift-server-pool-4|372) [MasterImpl.finishTaskInternal():151] Finish task rpc for request=TFinishTaskRequest(backend:TBackend(host:127.0.0.1, be_port:9060, http_port:8040, brpc_port:8060, id:1766285578511), task_type:DROP, signature:1766220400956, task_status:TStatus(status_code:OK), finish_tablet_infos:[TTabletInfo(tablet_id:1766220400956, schema_hash:958485288, version:0, version_hash:0, row_count:0, data_size:0, local_index_size:0, local_segment_size:0, remote_index_size:0, remote_segment_size:0)])
2025-12-21 11:44:44,966 INFO (thrift-server-pool-5|373) [MasterImpl.finishTaskInternal():151] Finish task rpc for request=TFinishTaskRequest(backend:TBackend(host:127.0.0.1, be_port:9060, http_port:8040, brpc_port:8060, id:1766285578511), task_type:DROP, signature:1766220400947, task_status:TStatus(status_code:OK), finish_tablet_infos:[TTabletInfo(tablet_id:1766220400947, schema_hash:372102284, version:0, version_hash:0, row_count:0, data_size:0, local_index_size:0, local_segment_size:0, remote_index_size:0, remote_segment_size:0)])
2025-12-21 11:44:44,967 INFO (thrift-server-pool-6|376) [MasterImpl.finishTaskInternal():151] Finish task rpc for request=TFinishTaskRequest(backend:TBackend(host:127.0.0.1, be_port:9060, http_port:8040, brpc_port:8060, id:1766285578511), task_type:DROP, signature:1766220400945, task_status:TStatus(status_code:OK), finish_tablet_infos:[TTabletInfo(tablet_id:1766220400945, schema_hash:372102284, version:0, version_hash:0, row_count:0, data_size:0, local_index_size:0, local_segment_size:0, remote_index_size:0, remote_segment_size:0)])
2025-12-21 11:44:44,967 INFO (thrift-server-pool-4|372) [MasterImpl.finishTaskInternal():151] Finish task rpc for request=TFinishTaskRequest(backend:TBackend(host:127.0.0.1, be_port:9060, http_port:8040, brpc_port:8060, id:1766285578511), task_type:DROP, signature:1766247603573, task_status:TStatus(status_code:OK), finish_tablet_infos:[TTabletInfo(tablet_id:1766247603573, schema_hash:1837835123, version:0, version_hash:0, row_count:0, data_size:0, local_index_size:0, local_segment_size:0, remote_index_size:0, remote_segment_size:0)])
2025-12-21 11:44:44,967 INFO (thrift-server-pool-5|373) [MasterImpl.finishTaskInternal():151] Finish task rpc for request=TFinishTaskRequest(backend:TBackend(host:127.0.0.1, be_port:9060, http_port:8040, brpc_port:8060, id:1766285578511), task_type:DROP, signature:1766220400907, task_status:TStatus(status_code:OK), finish_tablet_infos:[TTabletInfo(tablet_id:1766220400907, schema_hash:2097037526, version:0, version_hash:0, row_count:0, data_size:0, local_index_size:0, local_segment_size:0, remote_index_size:0, remote_segment_size:0)])
2025-12-21 11:44:44,967 INFO (thrift-server-pool-6|376) [MasterImpl.finishTaskInternal():151] Finish task rpc for request=TFinishTaskRequest(backend:TBackend(host:127.0.0.1, be_port:9060, http_port:8040, brpc_port:8060, id:1766285578511), task_type:DROP, signature:1766220400905, task_status:TStatus(status_code:OK), finish_tablet_infos:[TTabletInfo(tablet_id:1766220400905, schema_hash:2097037526, version:0, version_hash:0, row_count:0, data_size:0, local_index_size:0, local_segment_size:0, remote_index_size:0, remote_segment_size:0)])
2025-12-21 11:44:44,968 INFO (thrift-server-pool-4|372) [MasterImpl.finishTaskInternal():151] Finish task rpc for request=TFinishTaskRequest(backend:TBackend(host:127.0.0.1, be_port:9060, http_port:8040, brpc_port:8060, id:1766285578511), task_type:DROP, signature:1766247603575, task_status:TStatus(status_code:OK), finish_tablet_infos:[TTabletInfo(tablet_id:1766247603575, schema_hash:1837835123, version:0, version_hash:0, row_count:0, data_size:0, local_index_size:0, local_segment_size:0, remote_index_size:0, remote_segment_size:0)])
2025-12-21 11:44:44,968 INFO (thrift-server-pool-5|373) [MasterImpl.finishTaskInternal():151] Finish task rpc for request=TFinishTaskRequest(backend:TBackend(host:127.0.0.1, be_port:9060, http_port:8040, brpc_port:8060, id:1766285578511), task_type:DROP, signature:1766220400911, task_status:TStatus(status_code:OK), finish_tablet_infos:[TTabletInfo(tablet_id:1766220400911, schema_hash:2097037526, version:0, version_hash:0, row_count:0, data_size:0, local_index_size:0, local_segment_size:0, remote_index_size:0, remote_segment_size:0)])
2025-12-21 11:44:44,968 INFO (thrift-server-pool-6|376) [MasterImpl.finishTaskInternal():151] Finish task rpc for request=TFinishTaskRequest(backend:TBackend(host:127.0.0.1, be_port:9060, http_port:8040, brpc_port:8060, id:1766285578511), task_type:DROP, signature:1766247603569, task_status:TStatus(status_code:OK), finish_tablet_infos:[TTabletInfo(tablet_id:1766247603569, schema_hash:1837835123, version:0, version_hash:0, row_count:0, data_size:0, local_index_size:0, local_segment_size:0, remote_index_size:0, remote_segment_size:0)])
2025-12-21 11:44:44,968 INFO (thrift-server-pool-5|373) [MasterImpl.finishTaskInternal():151] Finish task rpc for request=TFinishTaskRequest(backend:TBackend(host:127.0.0.1, be_port:9060, http_port:8040, brpc_port:8060, id:1766285578511), task_type:DROP, signature:1766247603571, task_status:TStatus(status_code:OK), finish_tablet_infos:[TTabletInfo(tablet_id:1766247603571, schema_hash:1837835123, version:0, version_hash:0, row_count:0, data_size:0, local_index_size:0, local_segment_size:0, remote_index_size:0, remote_segment_size:0)])
2025-12-21 11:44:44,968 INFO (thrift-server-pool-4|372) [MasterImpl.finishTaskInternal():151] Finish task rpc for request=TFinishTaskRequest(backend:TBackend(host:127.0.0.1, be_port:9060, http_port:8040, brpc_port:8060, id:1766285578511), task_type:DROP, signature:1766220400909, task_status:TStatus(status_code:OK), finish_tablet_infos:[TTabletInfo(tablet_id:1766220400909, schema_hash:2097037526, version:0, version_hash:0, row_count:0, data_size:0, local_index_size:0, local_segment_size:0, remote_index_size:0, remote_segment_size:0)])
2025-12-21 11:44:44,969 INFO (thrift-server-pool-6|376) [MasterImpl.finishTaskInternal():151] Finish task rpc for request=TFinishTaskRequest(backend:TBackend(host:127.0.0.1, be_port:9060, http_port:8040, brpc_port:8060, id:1766285578511), task_type:DROP, signature:1766220400899, task_status:TStatus(status_code:OK), finish_tablet_infos:[TTabletInfo(tablet_id:1766220400899, schema_hash:2097037526, version:0, version_hash:0, row_count:0, data_size:0, local_index_size:0, local_segment_size:0, remote_index_size:0, remote_segment_size:0)])
2025-12-21 11:44:44,969 INFO (thrift-server-pool-5|373) [MasterImpl.finishTaskInternal():151] Finish task rpc for request=TFinishTaskRequest(backend:TBackend(host:127.0.0.1, be_port:9060, http_port:8040, brpc_port:8060, id:1766285578511), task_type:DROP, signature:1766220400897, task_status:TStatus(status_code:OK), finish_tablet_infos:[TTabletInfo(tablet_id:1766220400897, schema_hash:2097037526, version:0, version_hash:0, row_count:0, data_size:0, local_index_size:0, local_segment_size:0, remote_index_size:0, remote_segment_size:0)])
2025-12-21 11:44:44,969 INFO (thrift-server-pool-4|372) [MasterImpl.finishTaskInternal():151] Finish task rpc for request=TFinishTaskRequest(backend:TBackend(host:127.0.0.1, be_port:9060, http_port:8040, brpc_port:8060, id:1766285578511), task_type:DROP, signature:1766220400903, task_status:TStatus(status_code:OK), finish_tablet_infos:[TTabletInfo(tablet_id:1766220400903, schema_hash:2097037526, version:0, version_hash:0, row_count:0, data_size:0, local_index_size:0, local_segment_size:0, remote_index_size:0, remote_segment_size:0)])
2025-12-21 11:44:44,969 INFO (thrift-server-pool-6|376) [MasterImpl.finishTaskInternal():151] Finish task rpc for request=TFinishTaskRequest(backend:TBackend(host:127.0.0.1, be_port:9060, http_port:8040, brpc_port:8060, id:1766285578511), task_type:DROP, signature:1766247603577, task_status:TStatus(status_code:OK), finish_tablet_infos:[TTabletInfo(tablet_id:1766247603577, schema_hash:1837835123, version:0, version_hash:0, row_count:0, data_size:0, local_index_size:0, local_segment_size:0, remote_index_size:0, remote_segment_size:0)])
2025-12-21 11:44:44,970 INFO (thrift-server-pool-5|373) [MasterImpl.finishTaskInternal():151] Finish task rpc for request=TFinishTaskRequest(backend:TBackend(host:127.0.0.1, be_port:9060, http_port:8040, brpc_port:8060, id:1766285578511), task_type:DROP, signature:1766220400901, task_status:TStatus(status_code:OK), finish_tablet_infos:[TTabletInfo(tablet_id:1766220400901, schema_hash:2097037526, version:0, version_hash:0, row_count:0, data_size:0, local_index_size:0, local_segment_size:0, remote_index_size:0, remote_segment_size:0)])
2025-12-21 11:44:44,970 INFO (thrift-server-pool-4|372) [MasterImpl.finishTaskInternal():151] Finish task rpc for request=TFinishTaskRequest(backend:TBackend(host:127.0.0.1, be_port:9060, http_port:8040, brpc_port:8060, id:1766285578511), task_type:DROP, signature:1766247603579, task_status:TStatus(status_code:OK), finish_tablet_infos:[TTabletInfo(tablet_id:1766247603579, schema_hash:1837835123, version:0, version_hash:0, row_count:0, data_size:0, local_index_size:0, local_segment_size:0, remote_index_size:0, remote_segment_size:0)])
2025-12-21 11:44:44,970 INFO (thrift-server-pool-6|376) [MasterImpl.finishTaskInternal():151] Finish task rpc for request=TFinishTaskRequest(backend:TBackend(host:127.0.0.1, be_port:9060, http_port:8040, brpc_port:8060, id:1766285578511), task_type:DROP, signature:1766247603552, task_status:TStatus(status_code:OK), finish_tablet_infos:[TTabletInfo(tablet_id:1766247603552, schema_hash:1430210267, version:0, version_hash:0, row_count:0, data_size:0, local_index_size:0, local_segment_size:0, remote_index_size:0, remote_segment_size:0)])
2025-12-21 11:44:44,970 INFO (thrift-server-pool-4|372) [MasterImpl.finishTaskInternal():151] Finish task rpc for request=TFinishTaskRequest(backend:TBackend(host:127.0.0.1, be_port:9060, http_port:8040, brpc_port:8060, id:1766285578511), task_type:DROP, signature:1766247603565, task_status:TStatus(status_code:OK), finish_tablet_infos:[TTabletInfo(tablet_id:1766247603565, schema_hash:1837835123, version:0, version_hash:0, row_count:0, data_size:0, local_index_size:0, local_segment_size:0, remote_index_size:0, remote_segment_size:0)])
2025-12-21 11:44:44,970 INFO (thrift-server-pool-5|373) [MasterImpl.finishTaskInternal():151] Finish task rpc for request=TFinishTaskRequest(backend:TBackend(host:127.0.0.1, be_port:9060, http_port:8040, brpc_port:8060, id:1766285578511), task_type:DROP, signature:1766247603554, task_status:TStatus(status_code:OK), finish_tablet_infos:[TTabletInfo(tablet_id:1766247603554, schema_hash:1430210267, version:0, version_hash:0, row_count:0, data_size:0, local_index_size:0, local_segment_size:0, remote_index_size:0, remote_segment_size:0)])
2025-12-21 11:44:44,970 INFO (thrift-server-pool-6|376) [MasterImpl.finishTaskInternal():151] Finish task rpc for request=TFinishTaskRequest(backend:TBackend(host:127.0.0.1, be_port:9060, http_port:8040, brpc_port:8060, id:1766285578511), task_type:DROP, signature:1766220400913, task_status:TStatus(status_code:OK), finish_tablet_infos:[TTabletInfo(tablet_id:1766220400913, schema_hash:2097037526, version:0, version_hash:0, row_count:0, data_size:0, local_index_size:0, local_segment_size:0, remote_index_size:0, remote_segment_size:0)])
2025-12-21 11:44:44,971 INFO (thrift-server-pool-5|373) [MasterImpl.finishTaskInternal():151] Finish task rpc for request=TFinishTaskRequest(backend:TBackend(host:127.0.0.1, be_port:9060, http_port:8040, brpc_port:8060, id:1766285578511), task_type:DROP, signature:1766247603561, task_status:TStatus(status_code:OK), finish_tablet_infos:[TTabletInfo(tablet_id:1766247603561, schema_hash:1837835123, version:0, version_hash:0, row_count:0, data_size:0, local_index_size:0, local_segment_size:0, remote_index_size:0, remote_segment_size:0)])
2025-12-21 11:44:44,971 INFO (thrift-server-pool-4|372) [MasterImpl.finishTaskInternal():151] Finish task rpc for request=TFinishTaskRequest(backend:TBackend(host:127.0.0.1, be_port:9060, http_port:8040, brpc_port:8060, id:1766285578511), task_type:DROP, signature:1766247603567, task_status:TStatus(status_code:OK), finish_tablet_infos:[TTabletInfo(tablet_id:1766247603567, schema_hash:1837835123, version:0, version_hash:0, row_count:0, data_size:0, local_index_size:0, local_segment_size:0, remote_index_size:0, remote_segment_size:0)])
2025-12-21 11:44:44,971 INFO (thrift-server-pool-6|376) [MasterImpl.finishTaskInternal():151] Finish task rpc for request=TFinishTaskRequest(backend:TBackend(host:127.0.0.1, be_port:9060, http_port:8040, brpc_port:8060, id:1766285578511), task_type:DROP, signature:1766247603563, task_status:TStatus(status_code:OK), finish_tablet_infos:[TTabletInfo(tablet_id:1766247603563, schema_hash:1837835123, version:0, version_hash:0, row_count:0, data_size:0, local_index_size:0, local_segment_size:0, remote_index_size:0, remote_segment_size:0)])
2025-12-21 11:44:44,971 INFO (thrift-server-pool-5|373) [MasterImpl.finishTaskInternal():151] Finish task rpc for request=TFinishTaskRequest(backend:TBackend(host:127.0.0.1, be_port:9060, http_port:8040, brpc_port:8060, id:1766285578511), task_type:DROP, signature:1766220400895, task_status:TStatus(status_code:OK), finish_tablet_infos:[TTabletInfo(tablet_id:1766220400895, schema_hash:2097037526, version:0, version_hash:0, row_count:0, data_size:0, local_index_size:0, local_segment_size:0, remote_index_size:0, remote_segment_size:0)])
2025-12-21 11:44:44,972 INFO (thrift-server-pool-4|372) [MasterImpl.finishTaskInternal():151] Finish task rpc for request=TFinishTaskRequest(backend:TBackend(host:127.0.0.1, be_port:9060, http_port:8040, brpc_port:8060, id:1766285578511), task_type:DROP, signature:1766220400842, task_status:TStatus(status_code:OK), finish_tablet_infos:[TTabletInfo(tablet_id:1766220400842, schema_hash:1273034630, version:0, version_hash:0, row_count:0, data_size:0, local_index_size:0, local_segment_size:0, remote_index_size:0, remote_segment_size:0)])
2025-12-21 11:44:44,972 INFO (thrift-server-pool-6|376) [MasterImpl.finishTaskInternal():151] Finish task rpc for request=TFinishTaskRequest(backend:TBackend(host:127.0.0.1, be_port:9060, http_port:8040, brpc_port:8060, id:1766285578511), task_type:DROP, signature:1766220400847, task_status:TStatus(status_code:OK), finish_tablet_infos:[TTabletInfo(tablet_id:1766220400847, schema_hash:1273034630, version:0, version_hash:0, row_count:0, data_size:0, local_index_size:0, local_segment_size:0, remote_index_size:0, remote_segment_size:0)])
2025-12-21 11:44:44,972 INFO (thrift-server-pool-5|373) [MasterImpl.finishTaskInternal():151] Finish task rpc for request=TFinishTaskRequest(backend:TBackend(host:127.0.0.1, be_port:9060, http_port:8040, brpc_port:8060, id:1766285578511), task_type:DROP, signature:1766220400835, task_status:TStatus(status_code:OK), finish_tablet_infos:[TTabletInfo(tablet_id:1766220400835, schema_hash:64150390, version:0, version_hash:0, row_count:0, data_size:0, local_index_size:0, local_segment_size:0, remote_index_size:0, remote_segment_size:0)])
2025-12-21 11:44:44,972 INFO (thrift-server-pool-4|372) [MasterImpl.finishTaskInternal():151] Finish task rpc for request=TFinishTaskRequest(backend:TBackend(host:127.0.0.1, be_port:9060, http_port:8040, brpc_port:8060, id:1766285578511), task_type:DROP, signature:1766220400844, task_status:TStatus(status_code:OK), finish_tablet_infos:[TTabletInfo(tablet_id:1766220400844, schema_hash:1273034630, version:0, version_hash:0, row_count:0, data_size:0, local_index_size:0, local_segment_size:0, remote_index_size:0, remote_segment_size:0)])
2025-12-21 11:44:44,973 INFO (thrift-server-pool-6|376) [MasterImpl.finishTaskInternal():151] Finish task rpc for request=TFinishTaskRequest(backend:TBackend(host:127.0.0.1, be_port:9060, http_port:8040, brpc_port:8060, id:1766285578511), task_type:DROP, signature:1766220400833, task_status:TStatus(status_code:OK), finish_tablet_infos:[TTabletInfo(tablet_id:1766220400833, schema_hash:64150390, version:0, version_hash:0, row_count:0, data_size:0, local_index_size:0, local_segment_size:0, remote_index_size:0, remote_segment_size:0)])
2025-12-21 11:44:44,973 INFO (thrift-server-pool-5|373) [MasterImpl.finishTaskInternal():151] Finish task rpc for request=TFinishTaskRequest(backend:TBackend(host:127.0.0.1, be_port:9060, http_port:8040, brpc_port:8060, id:1766285578511), task_type:DROP, signature:1766220400837, task_status:TStatus(status_code:OK), finish_tablet_infos:[TTabletInfo(tablet_id:1766220400837, schema_hash:64150390, version:0, version_hash:0, row_count:0, data_size:0, local_index_size:0, local_segment_size:0, remote_index_size:0, remote_segment_size:0)])
2025-12-21 11:44:44,973 INFO (thrift-server-pool-4|372) [MasterImpl.finishTaskInternal():151] Finish task rpc for request=TFinishTaskRequest(backend:TBackend(host:127.0.0.1, be_port:9060, http_port:8040, brpc_port:8060, id:1766285578511), task_type:DROP, signature:1766220400859, task_status:TStatus(status_code:OK), finish_tablet_infos:[TTabletInfo(tablet_id:1766220400859, schema_hash:1273034630, version:0, version_hash:0, row_count:0, data_size:0, local_index_size:0, local_segment_size:0, remote_index_size:0, remote_segment_size:0)])
2025-12-21 11:44:44,973 INFO (thrift-server-pool-6|376) [MasterImpl.finishTaskInternal():151] Finish task rpc for request=TFinishTaskRequest(backend:TBackend(host:127.0.0.1, be_port:9060, http_port:8040, brpc_port:8060, id:1766285578511), task_type:DROP, signature:1766220400857, task_status:TStatus(status_code:OK), finish_tablet_infos:[TTabletInfo(tablet_id:1766220400857, schema_hash:1273034630, version:0, version_hash:0, row_count:0, data_size:0, local_index_size:0, local_segment_size:0, remote_index_size:0, remote_segment_size:0)])
2025-12-21 11:44:44,974 INFO (thrift-server-pool-5|373) [MasterImpl.finishTaskInternal():151] Finish task rpc for request=TFinishTaskRequest(backend:TBackend(host:127.0.0.1, be_port:9060, http_port:8040, brpc_port:8060, id:1766285578511), task_type:DROP, signature:1766220400854, task_status:TStatus(status_code:OK), finish_tablet_infos:[TTabletInfo(tablet_id:1766220400854, schema_hash:1273034630, version:0, version_hash:0, row_count:0, data_size:0, local_index_size:0, local_segment_size:0, remote_index_size:0, remote_segment_size:0)])
2025-12-21 11:44:44,974 INFO (thrift-server-pool-4|372) [MasterImpl.finishTaskInternal():151] Finish task rpc for request=TFinishTaskRequest(backend:TBackend(host:127.0.0.1, be_port:9060, http_port:8040, brpc_port:8060, id:1766285578511), task_type:DROP, signature:1766220400849, task_status:TStatus(status_code:OK), finish_tablet_infos:[TTabletInfo(tablet_id:1766220400849, schema_hash:1273034630, version:0, version_hash:0, row_count:0, data_size:0, local_index_size:0, local_segment_size:0, remote_index_size:0, remote_segment_size:0)])
2025-12-21 11:44:44,974 INFO (thrift-server-pool-6|376) [MasterImpl.finishTaskInternal():151] Finish task rpc for request=TFinishTaskRequest(backend:TBackend(host:127.0.0.1, be_port:9060, http_port:8040, brpc_port:8060, id:1766285578511), task_type:DROP, signature:1766220400852, task_status:TStatus(status_code:OK), finish_tablet_infos:[TTabletInfo(tablet_id:1766220400852, schema_hash:1273034630, version:0, version_hash:0, row_count:0, data_size:0, local_index_size:0, local_segment_size:0, remote_index_size:0, remote_segment_size:0)])
2025-12-21 11:44:44,975 INFO (thrift-server-pool-5|373) [MasterImpl.finishTaskInternal():151] Finish task rpc for request=TFinishTaskRequest(backend:TBackend(host:127.0.0.1, be_port:9060, http_port:8040, brpc_port:8060, id:1766285578511), task_type:DROP, signature:1766220400810, task_status:TStatus(status_code:OK), finish_tablet_infos:[TTabletInfo(tablet_id:1766220400810, schema_hash:557174125, version:0, version_hash:0, row_count:0, data_size:0, local_index_size:0, local_segment_size:0, remote_index_size:0, remote_segment_size:0)])
2025-12-21 11:44:44,975 INFO (thrift-server-pool-6|376) [MasterImpl.finishTaskInternal():151] Finish task rpc for request=TFinishTaskRequest(backend:TBackend(host:127.0.0.1, be_port:9060, http_port:8040, brpc_port:8060, id:1766285578511), task_type:DROP, signature:1766220400814, task_status:TStatus(status_code:OK), finish_tablet_infos:[TTabletInfo(tablet_id:1766220400814, schema_hash:557174125, version:0, version_hash:0, row_count:0, data_size:0, local_index_size:0, local_segment_size:0, remote_index_size:0, remote_segment_size:0)])
2025-12-21 11:44:44,975 INFO (thrift-server-pool-4|372) [MasterImpl.finishTaskInternal():151] Finish task rpc for request=TFinishTaskRequest(backend:TBackend(host:127.0.0.1, be_port:9060, http_port:8040, brpc_port:8060, id:1766285578511), task_type:DROP, signature:1766220400808, task_status:TStatus(status_code:OK), finish_tablet_infos:[TTabletInfo(tablet_id:1766220400808, schema_hash:557174125, version:0, version_hash:0, row_count:0, data_size:0, local_index_size:0, local_segment_size:0, remote_index_size:0, remote_segment_size:0)])
2025-12-21 11:44:44,975 INFO (thrift-server-pool-5|373) [MasterImpl.finishTaskInternal():151] Finish task rpc for request=TFinishTaskRequest(backend:TBackend(host:127.0.0.1, be_port:9060, http_port:8040, brpc_port:8060, id:1766285578511), task_type:DROP, signature:1766220400812, task_status:TStatus(status_code:OK), finish_tablet_infos:[TTabletInfo(tablet_id:1766220400812, schema_hash:557174125, version:0, version_hash:0, row_count:0, data_size:0, local_index_size:0, local_segment_size:0, remote_index_size:0, remote_segment_size:0)])
2025-12-21 11:44:44,976 INFO (thrift-server-pool-6|376) [MasterImpl.finishTaskInternal():151] Finish task rpc for request=TFinishTaskRequest(backend:TBackend(host:127.0.0.1, be_port:9060, http_port:8040, brpc_port:8060, id:1766285578511), task_type:DROP, signature:1766220400827, task_status:TStatus(status_code:OK), finish_tablet_infos:[TTabletInfo(tablet_id:1766220400827, schema_hash:64150390, version:0, version_hash:0, row_count:0, data_size:0, local_index_size:0, local_segment_size:0, remote_index_size:0, remote_segment_size:0)])
2025-12-21 11:44:44,976 INFO (thrift-server-pool-4|372) [MasterImpl.finishTaskInternal():151] Finish task rpc for request=TFinishTaskRequest(backend:TBackend(host:127.0.0.1, be_port:9060, http_port:8040, brpc_port:8060, id:1766285578511), task_type:DROP, signature:1766220400825, task_status:TStatus(status_code:OK), finish_tablet_infos:[TTabletInfo(tablet_id:1766220400825, schema_hash:64150390, version:0, version_hash:0, row_count:0, data_size:0, local_index_size:0, local_segment_size:0, remote_index_size:0, remote_segment_size:0)])
2025-12-21 11:44:44,976 INFO (thrift-server-pool-5|373) [MasterImpl.finishTaskInternal():151] Finish task rpc for request=TFinishTaskRequest(backend:TBackend(host:127.0.0.1, be_port:9060, http_port:8040, brpc_port:8060, id:1766285578511), task_type:DROP, signature:1766220400831, task_status:TStatus(status_code:OK), finish_tablet_infos:[TTabletInfo(tablet_id:1766220400831, schema_hash:64150390, version:0, version_hash:0, row_count:0, data_size:0, local_index_size:0, local_segment_size:0, remote_index_size:0, remote_segment_size:0)])
2025-12-21 11:44:44,976 INFO (thrift-server-pool-6|376) [MasterImpl.finishTaskInternal():151] Finish task rpc for request=TFinishTaskRequest(backend:TBackend(host:127.0.0.1, be_port:9060, http_port:8040, brpc_port:8060, id:1766285578511), task_type:DROP, signature:1766220400829, task_status:TStatus(status_code:OK), finish_tablet_infos:[TTabletInfo(tablet_id:1766220400829, schema_hash:64150390, version:0, version_hash:0, row_count:0, data_size:0, local_index_size:0, local_segment_size:0, remote_index_size:0, remote_segment_size:0)])
2025-12-21 11:44:44,976 INFO (thrift-server-pool-4|372) [MasterImpl.finishTaskInternal():151] Finish task rpc for request=TFinishTaskRequest(backend:TBackend(host:127.0.0.1, be_port:9060, http_port:8040, brpc_port:8060, id:1766285578511), task_type:DROP, signature:1766220400818, task_status:TStatus(status_code:OK), finish_tablet_infos:[TTabletInfo(tablet_id:1766220400818, schema_hash:557174125, version:0, version_hash:0, row_count:0, data_size:0, local_index_size:0, local_segment_size:0, remote_index_size:0, remote_segment_size:0)])
2025-12-21 11:44:44,977 INFO (thrift-server-pool-5|373) [MasterImpl.finishTaskInternal():151] Finish task rpc for request=TFinishTaskRequest(backend:TBackend(host:127.0.0.1, be_port:9060, http_port:8040, brpc_port:8060, id:1766285578511), task_type:DROP, signature:1766220400816, task_status:TStatus(status_code:OK), finish_tablet_infos:[TTabletInfo(tablet_id:1766220400816, schema_hash:557174125, version:0, version_hash:0, row_count:0, data_size:0, local_index_size:0, local_segment_size:0, remote_index_size:0, remote_segment_size:0)])
2025-12-21 11:44:44,977 INFO (thrift-server-pool-6|376) [MasterImpl.finishTaskInternal():151] Finish task rpc for request=TFinishTaskRequest(backend:TBackend(host:127.0.0.1, be_port:9060, http_port:8040, brpc_port:8060, id:1766285578511), task_type:DROP, signature:1766220401027, task_status:TStatus(status_code:OK), finish_tablet_infos:[TTabletInfo(tablet_id:1766220401027, schema_hash:888508563, version:0, version_hash:0, row_count:0, data_size:0, local_index_size:0, local_segment_size:0, remote_index_size:0, remote_segment_size:0)])
2025-12-21 11:44:44,977 INFO (thrift-server-pool-4|372) [MasterImpl.finishTaskInternal():151] Finish task rpc for request=TFinishTaskRequest(backend:TBackend(host:127.0.0.1, be_port:9060, http_port:8040, brpc_port:8060, id:1766285578511), task_type:DROP, signature:1766220400820, task_status:TStatus(status_code:OK), finish_tablet_infos:[TTabletInfo(tablet_id:1766220400820, schema_hash:557174125, version:0, version_hash:0, row_count:0, data_size:0, local_index_size:0, local_segment_size:0, remote_index_size:0, remote_segment_size:0)])
2025-12-21 11:44:44,978 INFO (thrift-server-pool-5|373) [MasterImpl.finishTaskInternal():151] Finish task rpc for request=TFinishTaskRequest(backend:TBackend(host:127.0.0.1, be_port:9060, http_port:8040, brpc_port:8060, id:1766285578511), task_type:DROP, signature:1766220401031, task_status:TStatus(status_code:OK), finish_tablet_infos:[TTabletInfo(tablet_id:1766220401031, schema_hash:888508563, version:0, version_hash:0, row_count:0, data_size:0, local_index_size:0, local_segment_size:0, remote_index_size:0, remote_segment_size:0)])
2025-12-21 11:44:44,978 INFO (thrift-server-pool-6|376) [MasterImpl.finishTaskInternal():151] Finish task rpc for request=TFinishTaskRequest(backend:TBackend(host:127.0.0.1, be_port:9060, http_port:8040, brpc_port:8060, id:1766285578511), task_type:DROP, signature:1766220401025, task_status:TStatus(status_code:OK), finish_tablet_infos:[TTabletInfo(tablet_id:1766220401025, schema_hash:888508563, version:0, version_hash:0, row_count:0, data_size:0, local_index_size:0, local_segment_size:0, remote_index_size:0, remote_segment_size:0)])
2025-12-21 11:44:44,978 INFO (thrift-server-pool-4|372) [MasterImpl.finishTaskInternal():151] Finish task rpc for request=TFinishTaskRequest(backend:TBackend(host:127.0.0.1, be_port:9060, http_port:8040, brpc_port:8060, id:1766285578511), task_type:DROP, signature:1766220401029, task_status:TStatus(status_code:OK), finish_tablet_infos:[TTabletInfo(tablet_id:1766220401029, schema_hash:888508563, version:0, version_hash:0, row_count:0, data_size:0, local_index_size:0, local_segment_size:0, remote_index_size:0, remote_segment_size:0)])
2025-12-21 11:44:46,002 INFO (Dictionary Manager|73) [DictionaryManager.collectDictionaryStatus():710] Collecting all dictionaries status for 0 dictionaries
2025-12-21 11:44:46,005 INFO (Dictionary Manager|73) [DictionaryManager.collectDictionaryStatus():778] Collect 0 dictionaries status succeed
2025-12-21 11:44:50,852 INFO (InsertOverwriteDropDirtyPartitions|72) [InsertOverwriteManager.runAfterCatalogReady():372] start clean insert overwrite temp partitions
2025-12-21 11:44:50,855 INFO (colocate group clone checker|104) [ColocateTableCheckerAndBalancer.matchGroups():594] finished to check tablets. unhealth/total/added/in_sched/not_ready/exceed_limit: 0/0/0/0/0/0, cost: 0 ms
2025-12-21 11:44:50,874 INFO (tablet checker|37) [TabletChecker.checkTablets():351] finished to check tablets. unhealth/total/added/in_sched/not_ready/exceed_limit: 0/32/0/0/0/0,cost: 1 ms
2025-12-21 11:44:51,005 INFO (Dictionary Manager|73) [DictionaryManager.collectDictionaryStatus():710] Collecting all dictionaries status for 0 dictionaries
2025-12-21 11:44:51,006 INFO (Dictionary Manager|73) [DictionaryManager.collectDictionaryStatus():778] Collect 0 dictionaries status succeed
2025-12-21 11:44:53,934 INFO (thrift-server-pool-5|373) [ReportHandler.handleReport():239] receive report from be 1766285578511. type: INDEX_POLICY, report version -1, current queue size: 1
2025-12-21 11:44:55,833 INFO (binlog-gcer|53) [BinlogManager.gc():654] begin gc binlog
2025-12-21 11:44:55,833 INFO (binlog-gcer|53) [BinlogManager.gc():665] gc binlog, dbBinlogMap is null
2025-12-21 11:44:55,833 INFO (binlog-gcer|53) [BinlogGcer.runAfterCatalogReady():63] no gc binlog
2025-12-21 11:44:56,007 INFO (Dictionary Manager|73) [DictionaryManager.collectDictionaryStatus():710] Collecting all dictionaries status for 0 dictionaries
2025-12-21 11:44:56,007 INFO (Dictionary Manager|73) [DictionaryManager.collectDictionaryStatus():778] Collect 0 dictionaries status succeed
2025-12-21 11:44:57,931 INFO (thrift-server-pool-6|376) [ReportHandler.handleReport():239] receive report from be 1766285578511. type: TASK, report version -1, current queue size: 1
2025-12-21 11:44:57,931 INFO (report-thread|182) [ReportHandler.taskReport():761] finished to handle task report from backend 1766285578511-127.0.0.1, diff task num: 0, publishTaskSize: 0, runningTasks: [], cost: 0 ms.
--- SHOW BACKENDS via mysql ---
*************************** 1. row ***************************
              BackendId: 1766220400802
                   Host: 172.30.95.46
          HeartbeatPort: 9050
                 BePort: 9060
               HttpPort: 8040
               BrpcPort: 8060
     ArrowFlightSqlPort: 8050
          LastStartTime: 2025-12-21 11:44:42
          LastHeartbeat: 2025-12-21 11:44:53
                  Alive: true
   SystemDecommissioned: false
              TabletNum: 92
       DataUsedCapacity: 114.166 KB
      TrashUsedCapacity: 0.000 
          AvailCapacity: 864.465 GB
          TotalCapacity: 1006.854 GB
                UsedPct: 14.14 %
         MaxDiskUsedPct: 14.14 %
     RemoteUsedCapacity: 0.000 
                    Tag: {"location" : "default"}
                 ErrMsg: 
                Version: doris-0.0.0-Unknown
                 Status: {"lastSuccessReportTabletsTime":"2025-12-21 11:08:33","lastStreamLoadTime":-1,"isQueryDisabled":false,"isLoadDisabled":false,"isActive":true,"isShutdown":false,"currentFragmentNum":0,"lastFragmentUpdateTime":1766288678669}
HeartbeatFailureCounter: 0
               NodeRole: mix
               CpuCores: 8
                 Memory: 15.31 GB
              LiveSince: 2025-12-21 11:44:53
           RunningTasks: 0
*************************** 2. row ***************************
              BackendId: 1766285578511
                   Host: 127.0.0.1
          HeartbeatPort: 9050
                 BePort: 9060
               HttpPort: 8040
               BrpcPort: 8060
     ArrowFlightSqlPort: 8050
          LastStartTime: 2025-12-21 11:44:42
          LastHeartbeat: 2025-12-21 11:44:53
                  Alive: true
   SystemDecommissioned: false
              TabletNum: 0
       DataUsedCapacity: 0.000 
      TrashUsedCapacity: 0.000 
          AvailCapacity: 1.000 B
          TotalCapacity: 0.000 
                UsedPct: 0.00 %
         MaxDiskUsedPct: 0.00 %
     RemoteUsedCapacity: 0.000 
                    Tag: {"location" : "default"}
                 ErrMsg: 
                Version: doris-0.0.0-Unknown
                 Status: {"lastSuccessReportTabletsTime":"2025-12-21 11:44:44","lastStreamLoadTime":-1,"isQueryDisabled":false,"isLoadDisabled":false,"isActive":true,"isShutdown":false,"currentFragmentNum":0,"lastFragmentUpdateTime":1766288678669}
HeartbeatFailureCounter: 0
               NodeRole: mix
               CpuCores: 1
                 Memory: 15.31 GB
              LiveSince: 2025-12-21 11:44:53
           RunningTasks: 0
